{"logTime": "1004/153933", "correlationVector":"hPqNSdttUcAEiU/90xfLtf.193","action":"GetUpdates", "result":"DeleteReceived", "context":{"id":"498de3a5-cbb4-4955-b8fb-f2e9918f382f", "isDeleted:":"true", "version":"1695448489812"}}
{"logTime": "1004/153933", "correlationVector":"hPqNSdttUcAEiU/90xfLtf.194","action":"GetUpdates", "result":"DeleteReceived", "context":{"id":"0cbba088-c308-4b42-ab93-e97d7c758bd3", "isDeleted:":"true", "version":"1695448528194"}}
{"logTime": "1004/153933", "correlationVector":"hPqNSdttUcAEiU/90xfLtf.195","action":"GetUpdates", "result":"DeleteReceived", "context":{"id":"21893bdc-4d56-4724-bf9c-1ce59bec68cd", "isDeleted:":"true", "version":"1695476447217"}}
{"logTime": "1004/153933", "correlationVector":"hPqNSdttUcAEiU/90xfLtf.196","action":"GetUpdates", "result":"DeleteReceived", "context":{"id":"51df14fd-642b-40a9-85c4-b008b30a3130", "isDeleted:":"true", "version":"1695476447219"}}
{"logTime": "1004/153933", "correlationVector":"hPqNSdttUcAEiU/90xfLtf.197","action":"GetUpdates", "result":"DeleteReceived", "context":{"id":"84e8f991-7a97-455d-9e64-80f9d2e99af2", "isDeleted:":"true", "version":"1695476447220"}}
{"logTime": "1004/153933", "correlationVector":"hPqNSdttUcAEiU/90xfLtf.198","action":"GetUpdates", "result":"DeleteReceived", "context":{"id":"5426ce28-531f-45a6-a26e-d84306a3580e", "isDeleted:":"true", "version":"1695476447222"}}
{"logTime": "1004/153933", "correlationVector":"hPqNSdttUcAEiU/90xfLtf.199","action":"GetUpdates", "result":"DeleteReceived", "context":{"id":"1927e0a9-4868-4299-82cc-ed72a90497b0", "isDeleted:":"true", "version":"1695476755870"}}
{"logTime": "1004/153933", "correlationVector":"hPqNSdttUcAEiU/90xfLtf.200","action":"GetUpdates", "result":"DeleteReceived", "context":{"id":"168a72f0-b7fa-4846-bb49-515d21fedd6f", "isDeleted:":"true", "version":"1695477341261"}}
{"logTime": "1004/153933", "correlationVector":"hPqNSdttUcAEiU/90xfLtf.201","action":"GetUpdates", "result":"DeleteReceived", "context":{"id":"4ffc2459-15f3-445d-b96e-0086388c177c", "isDeleted:":"true", "version":"1695477526063"}}
{"logTime": "1004/153933", "correlationVector":"hPqNSdttUcAEiU/90xfLtf.202","action":"GetUpdates", "result":"DeleteReceived", "context":{"id":"27fd6312-389c-4040-9b44-4dd56b38922d", "isDeleted:":"true", "version":"1695477627152"}}
{"logTime": "1004/153933", "correlationVector":"hPqNSdttUcAEiU/90xfLtf.203","action":"GetUpdates", "result":"DeleteReceived", "context":{"id":"cb5ca830-18bd-4723-94de-10030b079901", "isDeleted:":"true", "version":"1695478410319"}}
{"logTime": "1004/153933", "correlationVector":"hPqNSdttUcAEiU/90xfLtf.204","action":"GetUpdates", "result":"DeleteReceived", "context":{"id":"d673f06a-32df-4a38-b07e-35502eabcc98", "isDeleted:":"true", "version":"1695479419884"}}
{"logTime": "1004/153933", "correlationVector":"hPqNSdttUcAEiU/90xfLtf.205","action":"GetUpdates", "result":"DeleteReceived", "context":{"id":"41152dc9-b2bc-4d17-ac24-6f4b1311ee2a", "isDeleted:":"true", "version":"1695480099923"}}
{"logTime": "1004/153933", "correlationVector":"hPqNSdttUcAEiU/90xfLtf.206","action":"GetUpdates", "result":"DeleteReceived", "context":{"id":"6b66c686-5a30-4e14-a645-a58593a4cc21", "isDeleted:":"true", "version":"1695480099926"}}
{"logTime": "1004/153933", "correlationVector":"hPqNSdttUcAEiU/90xfLtf.207","action":"GetUpdates", "result":"DeleteReceived", "context":{"id":"0acfffa3-eae7-41a4-a9ed-34e266c42318", "isDeleted:":"true", "version":"1695480342005"}}
{"logTime": "1004/153933", "correlationVector":"hPqNSdttUcAEiU/90xfLtf.208","action":"GetUpdates", "result":"DeleteReceived", "context":{"id":"4a599573-557b-41fa-b2e6-948e6cba9506", "isDeleted:":"true", "version":"1695480426405"}}
{"logTime": "1004/153933", "correlationVector":"hPqNSdttUcAEiU/90xfLtf.209","action":"GetUpdates", "result":"DeleteReceived", "context":{"id":"64dd5829-f86a-4aa5-8e0b-4725c8d46773", "isDeleted:":"true", "version":"1695480426407"}}
{"logTime": "1004/153933", "correlationVector":"hPqNSdttUcAEiU/90xfLtf.210","action":"GetUpdates", "result":"DeleteReceived", "context":{"id":"99319a55-d5d2-414b-b234-6f8be87e4291", "isDeleted:":"true", "version":"1695480764590"}}
{"logTime": "1004/153933", "correlationVector":"hPqNSdttUcAEiU/90xfLtf.211","action":"GetUpdates", "result":"DeleteReceived", "context":{"id":"d5f6f25a-e07d-443e-93b6-38c489da4eaf", "isDeleted:":"true", "version":"1695480986743"}}
{"logTime": "1004/153933", "correlationVector":"hPqNSdttUcAEiU/90xfLtf.212","action":"GetUpdates", "result":"DeleteReceived", "context":{"id":"d64456c5-8625-4ee4-ae91-969feab60b8f", "isDeleted:":"true", "version":"1695481084730"}}
{"logTime": "1004/153933", "correlationVector":"hPqNSdttUcAEiU/90xfLtf.213","action":"GetUpdates", "result":"DeleteReceived", "context":{"id":"5b45b7bc-a61f-4d27-83ab-5736a4dc572b", "isDeleted:":"true", "version":"1695481084733"}}
{"logTime": "1004/153933", "correlationVector":"hPqNSdttUcAEiU/90xfLtf.214","action":"GetUpdates", "result":"DeleteReceived", "context":{"id":"21d149aa-793e-416f-882d-45b4de801b32", "isDeleted:":"true", "version":"1695481155959"}}
{"logTime": "1004/153933", "correlationVector":"hPqNSdttUcAEiU/90xfLtf.215","action":"GetUpdates", "result":"DeleteReceived", "context":{"id":"2924691a-6ed7-4538-b997-02b1a03aec37", "isDeleted:":"true", "version":"1695481194441"}}
{"logTime": "1004/153933", "correlationVector":"hPqNSdttUcAEiU/90xfLtf.216","action":"GetUpdates", "result":"DeleteReceived", "context":{"id":"1afe763f-e4bd-468d-8357-880ce1368e40", "isDeleted:":"true", "version":"1695481225903"}}
{"logTime": "1004/153933", "correlationVector":"hPqNSdttUcAEiU/90xfLtf.217","action":"GetUpdates", "result":"DeleteReceived", "context":{"id":"f14d9b1a-5336-43a0-99dc-0e75233f1de4", "isDeleted:":"true", "version":"1695481225904"}}
{"logTime": "1004/153933", "correlationVector":"hPqNSdttUcAEiU/90xfLtf.218","action":"GetUpdates", "result":"DeleteReceived", "context":{"id":"733e5f82-fa11-4eec-8b06-8607230df4f7", "isDeleted:":"true", "version":"1695481225907"}}
{"logTime": "1004/153933", "correlationVector":"hPqNSdttUcAEiU/90xfLtf.219","action":"GetUpdates", "result":"DeleteReceived", "context":{"id":"78251132-bfe1-424e-b727-df143f77d97c", "isDeleted:":"true", "version":"1695481225908"}}
{"logTime": "1004/153933", "correlationVector":"hPqNSdttUcAEiU/90xfLtf.220","action":"GetUpdates", "result":"DeleteReceived", "context":{"id":"c48cc280-9751-4276-97b0-bbb990132046", "isDeleted:":"true", "version":"1695481300702"}}
{"logTime": "1004/153933", "correlationVector":"hPqNSdttUcAEiU/90xfLtf.221","action":"GetUpdates", "result":"DeleteReceived", "context":{"id":"28b117d7-7a27-487d-9913-3f4dc31648a3", "isDeleted:":"true", "version":"1695482341117"}}
{"logTime": "1004/153933", "correlationVector":"hPqNSdttUcAEiU/90xfLtf.222","action":"GetUpdates", "result":"DeleteReceived", "context":{"id":"2f235a90-0de6-4c03-a073-18ea531e781f", "isDeleted:":"true", "version":"1695535743412"}}
{"logTime": "1004/153933", "correlationVector":"hPqNSdttUcAEiU/90xfLtf.223","action":"GetUpdates", "result":"DeleteReceived", "context":{"id":"326aab30-5bd4-4e17-95f3-1ed6b15937fe", "isDeleted:":"true", "version":"1695536257682"}}
{"logTime": "1004/153933", "correlationVector":"hPqNSdttUcAEiU/90xfLtf.224","action":"GetUpdates", "result":"DeleteReceived", "context":{"id":"9df4781d-cc62-4a15-accf-8ee618f6a678", "isDeleted:":"true", "version":"1695536424339"}}
{"logTime": "1004/153933", "correlationVector":"hPqNSdttUcAEiU/90xfLtf.225","action":"GetUpdates", "result":"DeleteReceived", "context":{"id":"ed6d9d0d-1726-4741-b6b0-48a56622d004", "isDeleted:":"true", "version":"1695536722533"}}
{"logTime": "1004/153933", "correlationVector":"hPqNSdttUcAEiU/90xfLtf.226","action":"GetUpdates", "result":"DeleteReceived", "context":{"id":"e704c1b9-8069-4d54-baef-2fc1fe9504c7", "isDeleted:":"true", "version":"1695536722534"}}
{"logTime": "1004/153933", "correlationVector":"hPqNSdttUcAEiU/90xfLtf.227","action":"GetUpdates Response", "result":"SERVER_MORE_TO_DOWNLOAD", "context":Received 250 update(s).  Some updates remain.}
{"logTime": "1004/153933", "correlationVector":"ye9SofEW6QiAVgGBNqIHin","action":"Initial GetUpdates", "result":"", "context":Reason: PROGRAMMATIC. cV=ye9SofEW6QiAVgGBNqIHin}
{"logTime": "1004/153934", "correlationVector":"ye9SofEW6QiAVgGBNqIHin.1","action":"SyncServerConnectionManagerRequest", "result":"SYNC_SERVER_OK", "context":{"environment":"Prod_SoutheastAsia_000j", "migrationStage":"NotStarted", "server":"GENERAL01000005"}}
{"logTime": "1004/153934", "correlationVector":"ye9SofEW6QiAVgGBNqIHin.2","action":"GetUpdates", "result":"DeleteReceived", "context":{"id":"155c899d-9a61-4a53-a902-726c4b1ef940", "isDeleted:":"true", "version":"1695710718366"}}
{"logTime": "1004/153934", "correlationVector":"ye9SofEW6QiAVgGBNqIHin.3","action":"GetUpdates", "result":"DeleteReceived", "context":{"id":"72a2bda7-1f35-4e0c-b175-f54041b3da35", "isDeleted:":"true", "version":"1695537248586"}}
{"logTime": "1004/153934", "correlationVector":"ye9SofEW6QiAVgGBNqIHin.4","action":"GetUpdates", "result":"DeleteReceived", "context":{"id":"fa29ca38-ee32-4c49-8e66-ac536e7a9ae8", "isDeleted:":"true", "version":"1695537563855"}}
{"logTime": "1004/153934", "correlationVector":"ye9SofEW6QiAVgGBNqIHin.5","action":"GetUpdates", "result":"DeleteReceived", "context":{"id":"df20c3f1-ff2d-4dc3-85ff-0a1a264405c6", "isDeleted:":"true", "version":"1695537632020"}}
{"logTime": "1004/153934", "correlationVector":"ye9SofEW6QiAVgGBNqIHin.6","action":"GetUpdates", "result":"DeleteReceived", "context":{"id":"d46d8781-9e78-4aea-a2f6-3f3531fa9429", "isDeleted:":"true", "version":"1695537668627"}}
{"logTime": "1004/153934", "correlationVector":"ye9SofEW6QiAVgGBNqIHin.7","action":"GetUpdates", "result":"DeleteReceived", "context":{"id":"8a861c1d-97dc-438f-a7fa-b8d098a5a2ec", "isDeleted:":"true", "version":"1695537865449"}}
{"logTime": "1004/153934", "correlationVector":"ye9SofEW6QiAVgGBNqIHin.8","action":"GetUpdates", "result":"DeleteReceived", "context":{"id":"0b05e0d1-f99b-40f1-a045-49948b959a12", "isDeleted:":"true", "version":"1695537949401"}}
{"logTime": "1004/153934", "correlationVector":"ye9SofEW6QiAVgGBNqIHin.9","action":"GetUpdates", "result":"DeleteReceived", "context":{"id":"519059cf-f565-415b-83f0-749096dd6012", "isDeleted:":"true", "version":"1695538049628"}}
{"logTime": "1004/153934", "correlationVector":"ye9SofEW6QiAVgGBNqIHin.10","action":"GetUpdates", "result":"DeleteReceived", "context":{"id":"8d93eaa3-b0bb-4cd5-8253-a15682c65e19", "isDeleted:":"true", "version":"1695538082426"}}
{"logTime": "1004/153934", "correlationVector":"ye9SofEW6QiAVgGBNqIHin.11","action":"GetUpdates", "result":"DeleteReceived", "context":{"id":"4f4d4760-8c09-417b-8cb4-2b19c23dfbdc", "isDeleted:":"true", "version":"1695538082427"}}
{"logTime": "1004/153934", "correlationVector":"ye9SofEW6QiAVgGBNqIHin.12","action":"GetUpdates", "result":"DeleteReceived", "context":{"id":"8849acbb-376c-4f5d-b7f4-932cd194f486", "isDeleted:":"true", "version":"1695538082428"}}
{"logTime": "1004/153934", "correlationVector":"ye9SofEW6QiAVgGBNqIHin.13","action":"GetUpdates", "result":"DeleteReceived", "context":{"id":"aa1bf687-b5ea-437a-b4bf-00d925b6a743", "isDeleted:":"true", "version":"1695538082429"}}
{"logTime": "1004/153934", "correlationVector":"ye9SofEW6QiAVgGBNqIHin.14","action":"GetUpdates", "result":"DeleteReceived", "context":{"id":"e020c232-0715-4437-b2e6-db0a8b422f76", "isDeleted:":"true", "version":"1695538082430"}}
{"logTime": "1004/153934", "correlationVector":"ye9SofEW6QiAVgGBNqIHin.15","action":"GetUpdates", "result":"DeleteReceived", "context":{"id":"d6f224bb-4c7f-4ddf-b383-fe5b0b851d3b", "isDeleted:":"true", "version":"1695538082433"}}
{"logTime": "1004/153934", "correlationVector":"ye9SofEW6QiAVgGBNqIHin.16","action":"GetUpdates", "result":"DeleteReceived", "context":{"id":"09e4f786-70cf-45fb-9ce2-5ab185fe6dcc", "isDeleted:":"true", "version":"1695538082434"}}
{"logTime": "1004/153934", "correlationVector":"ye9SofEW6QiAVgGBNqIHin.17","action":"GetUpdates", "result":"DeleteReceived", "context":{"id":"6e361d41-abec-4af9-956f-180f87d2c838", "isDeleted:":"true", "version":"1695538113341"}}
{"logTime": "1004/153934", "correlationVector":"ye9SofEW6QiAVgGBNqIHin.18","action":"GetUpdates", "result":"DeleteReceived", "context":{"id":"d4289ab9-c4c6-40b2-ada8-5dc975aada75", "isDeleted:":"true", "version":"1695538321453"}}
{"logTime": "1004/153934", "correlationVector":"ye9SofEW6QiAVgGBNqIHin.19","action":"GetUpdates", "result":"DeleteReceived", "context":{"id":"a85d2632-cd5b-4a54-b17e-e6d94240b21b", "isDeleted:":"true", "version":"1695539913271"}}
{"logTime": "1004/153934", "correlationVector":"ye9SofEW6QiAVgGBNqIHin.20","action":"GetUpdates", "result":"DeleteReceived", "context":{"id":"a8413540-4bcf-4396-92c4-f7b49f2f1eb6", "isDeleted:":"true", "version":"1695540001097"}}
{"logTime": "1004/153934", "correlationVector":"ye9SofEW6QiAVgGBNqIHin.21","action":"GetUpdates", "result":"DeleteReceived", "context":{"id":"62af0fea-cb79-41b8-a16a-9ee0005597f5", "isDeleted:":"true", "version":"1695544065589"}}
{"logTime": "1004/153934", "correlationVector":"ye9SofEW6QiAVgGBNqIHin.22","action":"GetUpdates", "result":"DeleteReceived", "context":{"id":"5462c626-79a2-4b08-9a22-a51c0dcda8c0", "isDeleted:":"true", "version":"1695544065591"}}
{"logTime": "1004/153934", "correlationVector":"ye9SofEW6QiAVgGBNqIHin.23","action":"GetUpdates", "result":"DeleteReceived", "context":{"id":"59f85341-5c24-47fb-9d3b-f86300db22c0", "isDeleted:":"true", "version":"1695544445450"}}
{"logTime": "1004/153934", "correlationVector":"ye9SofEW6QiAVgGBNqIHin.24","action":"GetUpdates", "result":"DeleteReceived", "context":{"id":"333c62fb-9ba2-4d2b-85c6-a6a3dad6fc56", "isDeleted:":"true", "version":"1695545209525"}}
{"logTime": "1004/153934", "correlationVector":"ye9SofEW6QiAVgGBNqIHin.25","action":"GetUpdates", "result":"DeleteReceived", "context":{"id":"35b50a29-de95-412d-9f55-99c567e1e4f7", "isDeleted:":"true", "version":"1695551187298"}}
{"logTime": "1004/153934", "correlationVector":"ye9SofEW6QiAVgGBNqIHin.26","action":"GetUpdates", "result":"DeleteReceived", "context":{"id":"0be0a953-cd06-4f09-aa93-c86e60e46ef1", "isDeleted:":"true", "version":"1695551187300"}}
{"logTime": "1004/153934", "correlationVector":"ye9SofEW6QiAVgGBNqIHin.27","action":"GetUpdates", "result":"DeleteReceived", "context":{"id":"0fbc253b-e06d-48f5-92d4-cc341ce02a6e", "isDeleted:":"true", "version":"1695552025412"}}
{"logTime": "1004/153934", "correlationVector":"ye9SofEW6QiAVgGBNqIHin.28","action":"GetUpdates", "result":"DeleteReceived", "context":{"id":"1fdac2e6-f347-4c5e-9781-fe867fd657c7", "isDeleted:":"true", "version":"1695552025413"}}
{"logTime": "1004/153934", "correlationVector":"ye9SofEW6QiAVgGBNqIHin.29","action":"GetUpdates", "result":"DeleteReceived", "context":{"id":"f91db539-ef59-4395-9734-8978990d1eba", "isDeleted:":"true", "version":"1695563108658"}}
{"logTime": "1004/153934", "correlationVector":"ye9SofEW6QiAVgGBNqIHin.30","action":"GetUpdates", "result":"DeleteReceived", "context":{"id":"a7ac9763-65bd-41ef-8761-196c13240f2f", "isDeleted:":"true", "version":"1695565753394"}}
{"logTime": "1004/153934", "correlationVector":"ye9SofEW6QiAVgGBNqIHin.31","action":"GetUpdates", "result":"DeleteReceived", "context":{"id":"c0f77e14-93e3-410b-bdab-998d19ddb41d", "isDeleted:":"true", "version":"1695575353423"}}
{"logTime": "1004/153934", "correlationVector":"ye9SofEW6QiAVgGBNqIHin.32","action":"GetUpdates", "result":"DeleteReceived", "context":{"id":"023c841e-b6aa-4e11-b475-948e42e32796", "isDeleted:":"true", "version":"1695576615981"}}
{"logTime": "1004/153934", "correlationVector":"ye9SofEW6QiAVgGBNqIHin.33","action":"GetUpdates", "result":"DeleteReceived", "context":{"id":"5ea1c58b-5395-4018-8f2c-9015ddbe9c9d", "isDeleted:":"true", "version":"1695580865329"}}
{"logTime": "1004/153934", "correlationVector":"ye9SofEW6QiAVgGBNqIHin.34","action":"GetUpdates", "result":"DeleteReceived", "context":{"id":"497b4ec5-3fda-4b42-830d-d1fa0bc7807c", "isDeleted:":"true", "version":"1695583846959"}}
{"logTime": "1004/153934", "correlationVector":"ye9SofEW6QiAVgGBNqIHin.35","action":"GetUpdates", "result":"DeleteReceived", "context":{"id":"c229a4f6-c7e2-4274-a89d-ef53e2731223", "isDeleted:":"true", "version":"1695585077961"}}
{"logTime": "1004/153934", "correlationVector":"ye9SofEW6QiAVgGBNqIHin.36","action":"GetUpdates", "result":"DeleteReceived", "context":{"id":"7b870927-2d5a-41c2-b909-11d95a09a212", "isDeleted:":"true", "version":"1695586427175"}}
{"logTime": "1004/153934", "correlationVector":"ye9SofEW6QiAVgGBNqIHin.37","action":"GetUpdates", "result":"DeleteReceived", "context":{"id":"ce20cdd9-0200-4e98-bf9b-a32ebbbd7f5a", "isDeleted:":"true", "version":"1695586427176"}}
{"logTime": "1004/153934", "correlationVector":"ye9SofEW6QiAVgGBNqIHin.38","action":"GetUpdates", "result":"DeleteReceived", "context":{"id":"eeeb1b7c-e1e0-4377-986f-80d4e6453842", "isDeleted:":"true", "version":"1695628673380"}}
{"logTime": "1004/153934", "correlationVector":"ye9SofEW6QiAVgGBNqIHin.39","action":"GetUpdates", "result":"DeleteReceived", "context":{"id":"f11c1d9a-2019-4f80-801b-bf49f6c078d5", "isDeleted:":"true", "version":"1695640729327"}}
{"logTime": "1004/153934", "correlationVector":"ye9SofEW6QiAVgGBNqIHin.40","action":"GetUpdates", "result":"DeleteReceived", "context":{"id":"7262c3bf-2406-48e1-9419-da0ced216887", "isDeleted:":"true", "version":"1695640729329"}}
{"logTime": "1004/153934", "correlationVector":"ye9SofEW6QiAVgGBNqIHin.41","action":"GetUpdates", "result":"DeleteReceived", "context":{"id":"b740974b-b2db-4b56-9b99-322ba76cc6ca", "isDeleted:":"true", "version":"1695640729330"}}
{"logTime": "1004/153934", "correlationVector":"ye9SofEW6QiAVgGBNqIHin.42","action":"GetUpdates", "result":"DeleteReceived", "context":{"id":"b232ca1d-b251-471a-8e62-1b20e783b854", "isDeleted:":"true", "version":"1695640729331"}}
{"logTime": "1004/153934", "correlationVector":"ye9SofEW6QiAVgGBNqIHin.43","action":"GetUpdates", "result":"DeleteReceived", "context":{"id":"faf59a2c-de1b-4139-a97f-2378b6ff59b8", "isDeleted:":"true", "version":"1695640729332"}}
{"logTime": "1004/153934", "correlationVector":"ye9SofEW6QiAVgGBNqIHin.44","action":"GetUpdates", "result":"DeleteReceived", "context":{"id":"bc979e13-9fde-4a5d-993d-c0a845dd95cb", "isDeleted:":"true", "version":"1695640729333"}}
{"logTime": "1004/153934", "correlationVector":"ye9SofEW6QiAVgGBNqIHin.45","action":"GetUpdates", "result":"DeleteReceived", "context":{"id":"bcac7acd-af04-4a6f-a536-99ba15f87ab6", "isDeleted:":"true", "version":"1695640729334"}}
{"logTime": "1004/153934", "correlationVector":"ye9SofEW6QiAVgGBNqIHin.46","action":"GetUpdates", "result":"DeleteReceived", "context":{"id":"eb9de0a1-d2f3-4ed1-b31b-65b51592e9b7", "isDeleted:":"true", "version":"1695643095812"}}
{"logTime": "1004/153934", "correlationVector":"ye9SofEW6QiAVgGBNqIHin.47","action":"GetUpdates", "result":"DeleteReceived", "context":{"id":"4db83a55-bc11-498f-8813-ba2b074f516b", "isDeleted:":"true", "version":"1695644442818"}}
{"logTime": "1004/153934", "correlationVector":"ye9SofEW6QiAVgGBNqIHin.48","action":"GetUpdates", "result":"DeleteReceived", "context":{"id":"ce5714db-7cbb-4727-8f7c-3fe5806cb1d0", "isDeleted:":"true", "version":"1695644442820"}}
{"logTime": "1004/153934", "correlationVector":"ye9SofEW6QiAVgGBNqIHin.49","action":"GetUpdates", "result":"DeleteReceived", "context":{"id":"ddabb885-8945-4e80-ad15-e672c0c383c5", "isDeleted:":"true", "version":"1695644521781"}}
{"logTime": "1004/153934", "correlationVector":"ye9SofEW6QiAVgGBNqIHin.50","action":"GetUpdates", "result":"DeleteReceived", "context":{"id":"16d772f6-b978-492b-96eb-f38fc4d08530", "isDeleted:":"true", "version":"1695644586801"}}
{"logTime": "1004/153934", "correlationVector":"ye9SofEW6QiAVgGBNqIHin.51","action":"GetUpdates", "result":"DeleteReceived", "context":{"id":"63770c23-d6ca-43f7-8ed8-f241067db1b6", "isDeleted:":"true", "version":"1695648890271"}}
{"logTime": "1004/153934", "correlationVector":"ye9SofEW6QiAVgGBNqIHin.52","action":"GetUpdates", "result":"DeleteReceived", "context":{"id":"b089a9c3-8599-44a9-bc6a-f2c14af3b2ea", "isDeleted:":"true", "version":"1695650049367"}}
{"logTime": "1004/153934", "correlationVector":"ye9SofEW6QiAVgGBNqIHin.53","action":"GetUpdates", "result":"DeleteReceived", "context":{"id":"2c33cb24-0cd4-4de8-80f9-8ef1ca886cdf", "isDeleted:":"true", "version":"1695650190275"}}
{"logTime": "1004/153934", "correlationVector":"ye9SofEW6QiAVgGBNqIHin.54","action":"GetUpdates", "result":"DeleteReceived", "context":{"id":"52f3b17d-3fc2-481f-b6dd-cc9500e24630", "isDeleted:":"true", "version":"1695654787306"}}
{"logTime": "1004/153934", "correlationVector":"ye9SofEW6QiAVgGBNqIHin.55","action":"GetUpdates", "result":"DeleteReceived", "context":{"id":"9c72aa0d-3028-4fe9-8557-cc155cbf40e0", "isDeleted:":"true", "version":"1695660471909"}}
{"logTime": "1004/153934", "correlationVector":"ye9SofEW6QiAVgGBNqIHin.56","action":"GetUpdates", "result":"DeleteReceived", "context":{"id":"4a54f0c3-f568-4e7e-9db4-b07c3d0bb1b2", "isDeleted:":"true", "version":"1695662283591"}}
{"logTime": "1004/153934", "correlationVector":"ye9SofEW6QiAVgGBNqIHin.57","action":"GetUpdates", "result":"DeleteReceived", "context":{"id":"772a0ce2-6c61-416e-96f3-362be96c7304", "isDeleted:":"true", "version":"1695662452893"}}
{"logTime": "1004/153934", "correlationVector":"ye9SofEW6QiAVgGBNqIHin.58","action":"GetUpdates", "result":"DeleteReceived", "context":{"id":"d74c3ace-2ceb-4fed-87f1-5b14fe9ab4cd", "isDeleted:":"true", "version":"1695662452896"}}
{"logTime": "1004/153934", "correlationVector":"ye9SofEW6QiAVgGBNqIHin.59","action":"GetUpdates", "result":"DeleteReceived", "context":{"id":"65c8fce9-eff2-4f67-b28f-104dbcad789c", "isDeleted:":"true", "version":"1695662484377"}}
{"logTime": "1004/153934", "correlationVector":"ye9SofEW6QiAVgGBNqIHin.60","action":"GetUpdates", "result":"DeleteReceived", "context":{"id":"a506aa8a-826f-4700-840f-34e9cde69a7a", "isDeleted:":"true", "version":"1695663519136"}}
{"logTime": "1004/153934", "correlationVector":"ye9SofEW6QiAVgGBNqIHin.61","action":"GetUpdates", "result":"DeleteReceived", "context":{"id":"cd19e5bc-1f9f-45ad-bf07-929595ad33dc", "isDeleted:":"true", "version":"1695663519137"}}
{"logTime": "1004/153934", "correlationVector":"ye9SofEW6QiAVgGBNqIHin.62","action":"GetUpdates", "result":"DeleteReceived", "context":{"id":"98593a31-7177-41b5-adc6-d667d22f7f24", "isDeleted:":"true", "version":"1695665023433"}}
{"logTime": "1004/153934", "correlationVector":"ye9SofEW6QiAVgGBNqIHin.63","action":"GetUpdates", "result":"DeleteReceived", "context":{"id":"dbb231e1-773a-464a-8b65-5d05d1771c5f", "isDeleted:":"true", "version":"1695665163744"}}
{"logTime": "1004/153934", "correlationVector":"ye9SofEW6QiAVgGBNqIHin.64","action":"GetUpdates", "result":"DeleteReceived", "context":{"id":"f859fd93-ed33-48a1-b38d-7a4a76e7f9cb", "isDeleted:":"true", "version":"1695665268786"}}
{"logTime": "1004/153934", "correlationVector":"ye9SofEW6QiAVgGBNqIHin.65","action":"GetUpdates", "result":"DeleteReceived", "context":{"id":"3e0ac280-e25e-4a02-acc9-3284ce0efa4b", "isDeleted:":"true", "version":"1695665306527"}}
{"logTime": "1004/153934", "correlationVector":"ye9SofEW6QiAVgGBNqIHin.66","action":"GetUpdates", "result":"DeleteReceived", "context":{"id":"484a1487-c69e-4269-8524-77a8dac3e5aa", "isDeleted:":"true", "version":"1695665306528"}}
{"logTime": "1004/153934", "correlationVector":"ye9SofEW6QiAVgGBNqIHin.67","action":"GetUpdates", "result":"DeleteReceived", "context":{"id":"fd5d861d-e0f6-4706-a2af-4ad2a6503452", "isDeleted:":"true", "version":"1695668825409"}}
{"logTime": "1004/153934", "correlationVector":"ye9SofEW6QiAVgGBNqIHin.68","action":"GetUpdates", "result":"DeleteReceived", "context":{"id":"52a86398-ac65-4812-83cb-ce4bb3b9a3fd", "isDeleted:":"true", "version":"1695695512715"}}
{"logTime": "1004/153934", "correlationVector":"ye9SofEW6QiAVgGBNqIHin.69","action":"GetUpdates", "result":"DeleteReceived", "context":{"id":"c4dbeba2-a7d6-4306-ba36-77f5c6320e55", "isDeleted:":"true", "version":"1695698360852"}}
{"logTime": "1004/153934", "correlationVector":"ye9SofEW6QiAVgGBNqIHin.70","action":"GetUpdates", "result":"DeleteReceived", "context":{"id":"7c2d2175-dc25-4dca-abcb-72a9325f13d3", "isDeleted:":"true", "version":"1695698461367"}}
{"logTime": "1004/153934", "correlationVector":"ye9SofEW6QiAVgGBNqIHin.71","action":"GetUpdates", "result":"DeleteReceived", "context":{"id":"7173853b-48fe-4032-9e87-cfc5a3e5bae5", "isDeleted:":"true", "version":"1695698461369"}}
{"logTime": "1004/153934", "correlationVector":"ye9SofEW6QiAVgGBNqIHin.72","action":"GetUpdates", "result":"DeleteReceived", "context":{"id":"9b6dbd35-5215-49b1-82b6-0cc1a9bc19be", "isDeleted:":"true", "version":"1695701186919"}}
{"logTime": "1004/153934", "correlationVector":"ye9SofEW6QiAVgGBNqIHin.73","action":"GetUpdates", "result":"DeleteReceived", "context":{"id":"3f890ded-c67e-414b-8111-81a19e207216", "isDeleted:":"true", "version":"1695701186920"}}
{"logTime": "1004/153934", "correlationVector":"ye9SofEW6QiAVgGBNqIHin.74","action":"GetUpdates", "result":"DeleteReceived", "context":{"id":"877d791e-cc9f-4524-a255-746dfe8ecef6", "isDeleted:":"true", "version":"1695701186921"}}
{"logTime": "1004/153934", "correlationVector":"ye9SofEW6QiAVgGBNqIHin.75","action":"GetUpdates", "result":"DeleteReceived", "context":{"id":"2be08326-281f-48e9-90e4-86df45c8a08e", "isDeleted:":"true", "version":"1695701186922"}}
{"logTime": "1004/153934", "correlationVector":"ye9SofEW6QiAVgGBNqIHin.76","action":"GetUpdates", "result":"DeleteReceived", "context":{"id":"122f48df-f555-416f-ac12-342fb642bf8f", "isDeleted:":"true", "version":"1695701186923"}}
{"logTime": "1004/153934", "correlationVector":"ye9SofEW6QiAVgGBNqIHin.77","action":"GetUpdates", "result":"DeleteReceived", "context":{"id":"912200c7-42c6-42e3-85ef-5e82aa05e568", "isDeleted:":"true", "version":"1695701186924"}}
{"logTime": "1004/153934", "correlationVector":"ye9SofEW6QiAVgGBNqIHin.78","action":"GetUpdates", "result":"DeleteReceived", "context":{"id":"61367fb6-33e6-41f1-8d28-945b005e6025", "isDeleted:":"true", "version":"1695701186926"}}
{"logTime": "1004/153934", "correlationVector":"ye9SofEW6QiAVgGBNqIHin.79","action":"GetUpdates", "result":"DeleteReceived", "context":{"id":"a3f44cf7-2474-40c1-9449-19aa78394546", "isDeleted:":"true", "version":"1695701186927"}}
{"logTime": "1004/153934", "correlationVector":"ye9SofEW6QiAVgGBNqIHin.80","action":"GetUpdates", "result":"DeleteReceived", "context":{"id":"4c907006-8be7-474f-b8ed-c8708381c0bb", "isDeleted:":"true", "version":"1695701186928"}}
{"logTime": "1004/153934", "correlationVector":"ye9SofEW6QiAVgGBNqIHin.81","action":"GetUpdates", "result":"DeleteReceived", "context":{"id":"68ed16bb-a738-4271-b96f-617081801fd2", "isDeleted:":"true", "version":"1695710645236"}}
{"logTime": "1004/153934", "correlationVector":"ye9SofEW6QiAVgGBNqIHin.82","action":"GetUpdates", "result":"DeleteReceived", "context":{"id":"724ce954-2547-482c-9516-fb882e083f47", "isDeleted:":"true", "version":"1695718381496"}}
{"logTime": "1004/153934", "correlationVector":"ye9SofEW6QiAVgGBNqIHin.83","action":"GetUpdates", "result":"DeleteReceived", "context":{"id":"41134e5f-b69c-4139-a870-559331cdb0c6", "isDeleted:":"true", "version":"1695718381497"}}
{"logTime": "1004/153934", "correlationVector":"ye9SofEW6QiAVgGBNqIHin.84","action":"GetUpdates", "result":"DeleteReceived", "context":{"id":"57b597e3-5ecc-4ab4-96c5-78f9d274bf0d", "isDeleted:":"true", "version":"1695718775807"}}
{"logTime": "1004/153934", "correlationVector":"ye9SofEW6QiAVgGBNqIHin.85","action":"GetUpdates", "result":"DeleteReceived", "context":{"id":"dc564803-158e-4fc9-b5f9-fd213cfadc1c", "isDeleted:":"true", "version":"1695722128580"}}
{"logTime": "1004/153934", "correlationVector":"ye9SofEW6QiAVgGBNqIHin.86","action":"GetUpdates", "result":"DeleteReceived", "context":{"id":"d4842724-a117-450b-bab2-f0c9a6df83df", "isDeleted:":"true", "version":"1695726915941"}}
{"logTime": "1004/153934", "correlationVector":"ye9SofEW6QiAVgGBNqIHin.87","action":"GetUpdates", "result":"DeleteReceived", "context":{"id":"f4c434fd-12e4-4376-9ed2-ab332f51f96a", "isDeleted:":"true", "version":"1695726915942"}}
{"logTime": "1004/153934", "correlationVector":"ye9SofEW6QiAVgGBNqIHin.88","action":"GetUpdates", "result":"DeleteReceived", "context":{"id":"76edf77a-82b4-4279-86e7-62de864a7f25", "isDeleted:":"true", "version":"1695726915946"}}
{"logTime": "1004/153934", "correlationVector":"ye9SofEW6QiAVgGBNqIHin.89","action":"GetUpdates", "result":"DeleteReceived", "context":{"id":"081be5dd-a2af-4570-967a-d5862e819595", "isDeleted:":"true", "version":"1695726915950"}}
{"logTime": "1004/153934", "correlationVector":"ye9SofEW6QiAVgGBNqIHin.90","action":"GetUpdates", "result":"DeleteReceived", "context":{"id":"5963a298-cf53-42bc-b8a6-aae5f2a6d668", "isDeleted:":"true", "version":"1695726947176"}}
{"logTime": "1004/153934", "correlationVector":"ye9SofEW6QiAVgGBNqIHin.91","action":"GetUpdates", "result":"DeleteReceived", "context":{"id":"bc4cb08f-7197-4a37-b789-709096222c1b", "isDeleted:":"true", "version":"1695726947177"}}
{"logTime": "1004/153934", "correlationVector":"ye9SofEW6QiAVgGBNqIHin.92","action":"GetUpdates", "result":"DeleteReceived", "context":{"id":"3f7ac8f4-1bb5-455b-8ef3-68620d33254b", "isDeleted:":"true", "version":"1695726947178"}}
{"logTime": "1004/153934", "correlationVector":"ye9SofEW6QiAVgGBNqIHin.93","action":"GetUpdates", "result":"DeleteReceived", "context":{"id":"75f07d79-a4aa-4e3b-8f4f-6f16f0e7b5a2", "isDeleted:":"true", "version":"1695726947179"}}
{"logTime": "1004/153934", "correlationVector":"ye9SofEW6QiAVgGBNqIHin.94","action":"GetUpdates", "result":"DeleteReceived", "context":{"id":"9607d43c-e88e-4561-827a-767d5fa99de9", "isDeleted:":"true", "version":"1695726947180"}}
{"logTime": "1004/153934", "correlationVector":"ye9SofEW6QiAVgGBNqIHin.95","action":"GetUpdates", "result":"DeleteReceived", "context":{"id":"05a68722-8e07-4f73-9d9f-49fc60ee921d", "isDeleted:":"true", "version":"1695726947181"}}
{"logTime": "1004/153934", "correlationVector":"ye9SofEW6QiAVgGBNqIHin.96","action":"GetUpdates", "result":"DeleteReceived", "context":{"id":"2330e524-bbb5-499c-8238-87df2c32db4c", "isDeleted:":"true", "version":"1695727134496"}}
{"logTime": "1004/153934", "correlationVector":"ye9SofEW6QiAVgGBNqIHin.97","action":"GetUpdates", "result":"DeleteReceived", "context":{"id":"09293771-602d-4487-857a-2b07eac92415", "isDeleted:":"true", "version":"1695727134497"}}
{"logTime": "1004/153934", "correlationVector":"ye9SofEW6QiAVgGBNqIHin.98","action":"GetUpdates", "result":"DeleteReceived", "context":{"id":"3bc7e6a0-d38a-477f-9b75-ff5c83c02d56", "isDeleted:":"true", "version":"1695727134498"}}
{"logTime": "1004/153934", "correlationVector":"ye9SofEW6QiAVgGBNqIHin.99","action":"GetUpdates", "result":"DeleteReceived", "context":{"id":"c3bce1fd-ca08-4e19-ab50-78390beb61c8", "isDeleted:":"true", "version":"1695727253654"}}
{"logTime": "1004/153934", "correlationVector":"ye9SofEW6QiAVgGBNqIHin.100","action":"GetUpdates", "result":"DeleteReceived", "context":{"id":"8362bb49-63a5-4106-9904-5d7269aa3751", "isDeleted:":"true", "version":"1695727381407"}}
{"logTime": "1004/153934", "correlationVector":"ye9SofEW6QiAVgGBNqIHin.101","action":"GetUpdates", "result":"DeleteReceived", "context":{"id":"8d7d6e19-f57b-4f02-89c1-f22d84eb20f4", "isDeleted:":"true", "version":"1695727481895"}}
{"logTime": "1004/153934", "correlationVector":"ye9SofEW6QiAVgGBNqIHin.102","action":"GetUpdates", "result":"DeleteReceived", "context":{"id":"17544a04-37b0-456e-92e4-7281c487fc40", "isDeleted:":"true", "version":"1695729937096"}}
{"logTime": "1004/153934", "correlationVector":"ye9SofEW6QiAVgGBNqIHin.103","action":"GetUpdates", "result":"DeleteReceived", "context":{"id":"9b33e303-1320-4eb1-82f2-8daa0e12dece", "isDeleted:":"true", "version":"1695730598834"}}
{"logTime": "1004/153934", "correlationVector":"ye9SofEW6QiAVgGBNqIHin.104","action":"GetUpdates", "result":"DeleteReceived", "context":{"id":"a31a7575-9ad4-43a8-836a-9de512e87ae0", "isDeleted:":"true", "version":"1695731728790"}}
{"logTime": "1004/153934", "correlationVector":"ye9SofEW6QiAVgGBNqIHin.105","action":"GetUpdates", "result":"DeleteReceived", "context":{"id":"192c2a6d-fa54-428f-946b-bf91fc15d482", "isDeleted:":"true", "version":"1695733609772"}}
{"logTime": "1004/153934", "correlationVector":"ye9SofEW6QiAVgGBNqIHin.106","action":"GetUpdates", "result":"DeleteReceived", "context":{"id":"28c257e1-91bb-4749-ad5b-f5caf2b23475", "isDeleted:":"true", "version":"1695736483937"}}
{"logTime": "1004/153934", "correlationVector":"ye9SofEW6QiAVgGBNqIHin.107","action":"GetUpdates", "result":"DeleteReceived", "context":{"id":"b472e504-d31b-417a-aef4-30e65c659337", "isDeleted:":"true", "version":"1695739150444"}}
{"logTime": "1004/153934", "correlationVector":"ye9SofEW6QiAVgGBNqIHin.108","action":"GetUpdates", "result":"DeleteReceived", "context":{"id":"dfeaed2a-a42d-4624-8bd0-ac5aeeab4b37", "isDeleted:":"true", "version":"1695752701314"}}
{"logTime": "1004/153934", "correlationVector":"ye9SofEW6QiAVgGBNqIHin.109","action":"GetUpdates", "result":"DeleteReceived", "context":{"id":"aed0a1e8-f1b1-4d73-b246-1582f2d4f139", "isDeleted:":"true", "version":"1695784013062"}}
{"logTime": "1004/153934", "correlationVector":"ye9SofEW6QiAVgGBNqIHin.110","action":"GetUpdates", "result":"DeleteReceived", "context":{"id":"40d371bb-5dbd-47bd-ac15-610b32cfe4c4", "isDeleted:":"true", "version":"1695784086717"}}
{"logTime": "1004/153934", "correlationVector":"ye9SofEW6QiAVgGBNqIHin.111","action":"GetUpdates", "result":"DeleteReceived", "context":{"id":"ff1481ae-60ef-4252-afee-f4ac1d741d8c", "isDeleted:":"true", "version":"1695785103537"}}
{"logTime": "1004/153934", "correlationVector":"ye9SofEW6QiAVgGBNqIHin.112","action":"GetUpdates", "result":"DeleteReceived", "context":{"id":"6d552d8b-8050-4e6e-ac01-06096b0cbcdb", "isDeleted:":"true", "version":"1695785103538"}}
{"logTime": "1004/153934", "correlationVector":"ye9SofEW6QiAVgGBNqIHin.113","action":"GetUpdates", "result":"DeleteReceived", "context":{"id":"a8b1d05d-4e0b-4dc8-bf9d-3f2ce01be6c8", "isDeleted:":"true", "version":"1695785156743"}}
{"logTime": "1004/153934", "correlationVector":"ye9SofEW6QiAVgGBNqIHin.114","action":"GetUpdates", "result":"DeleteReceived", "context":{"id":"e35c5460-73aa-44b1-a0e6-92ef18646e87", "isDeleted:":"true", "version":"1695785156744"}}
{"logTime": "1004/153934", "correlationVector":"ye9SofEW6QiAVgGBNqIHin.115","action":"GetUpdates", "result":"DeleteReceived", "context":{"id":"f345efef-f359-40a8-a5b0-456091636236", "isDeleted:":"true", "version":"1695785156746"}}
{"logTime": "1004/153934", "correlationVector":"ye9SofEW6QiAVgGBNqIHin.116","action":"GetUpdates", "result":"DeleteReceived", "context":{"id":"48872740-432d-4747-820c-8e3d549942c3", "isDeleted:":"true", "version":"1695786739454"}}
{"logTime": "1004/153934", "correlationVector":"ye9SofEW6QiAVgGBNqIHin.117","action":"GetUpdates", "result":"DeleteReceived", "context":{"id":"1ed1ea11-52ce-4b3a-b5ae-36e64dcbc548", "isDeleted:":"true", "version":"1695788463550"}}
{"logTime": "1004/153934", "correlationVector":"ye9SofEW6QiAVgGBNqIHin.118","action":"GetUpdates", "result":"DeleteReceived", "context":{"id":"e1e32ec1-2928-42e8-8602-a7e7ff0ef766", "isDeleted:":"true", "version":"1695788721329"}}
{"logTime": "1004/153934", "correlationVector":"ye9SofEW6QiAVgGBNqIHin.119","action":"GetUpdates", "result":"DeleteReceived", "context":{"id":"d157ccea-e61a-488c-aac8-0ab7e09a93e6", "isDeleted:":"true", "version":"1695829935119"}}
{"logTime": "1004/153934", "correlationVector":"ye9SofEW6QiAVgGBNqIHin.120","action":"GetUpdates", "result":"DeleteReceived", "context":{"id":"622b5029-93bc-4b6e-b2cf-8169ea76fdec", "isDeleted:":"true", "version":"1695829935120"}}
{"logTime": "1004/153934", "correlationVector":"ye9SofEW6QiAVgGBNqIHin.121","action":"GetUpdates", "result":"DeleteReceived", "context":{"id":"3cff6e02-2a08-4b59-a10f-4881daea4998", "isDeleted:":"true", "version":"1695829935121"}}
{"logTime": "1004/153934", "correlationVector":"ye9SofEW6QiAVgGBNqIHin.122","action":"GetUpdates", "result":"DeleteReceived", "context":{"id":"d7070054-8860-4120-a7bd-4b4c3fcd250a", "isDeleted:":"true", "version":"1695829935122"}}
{"logTime": "1004/153934", "correlationVector":"ye9SofEW6QiAVgGBNqIHin.123","action":"GetUpdates", "result":"DeleteReceived", "context":{"id":"8b58f143-c4e2-448b-82a3-00416cdf44fb", "isDeleted:":"true", "version":"1695829935123"}}
{"logTime": "1004/153934", "correlationVector":"ye9SofEW6QiAVgGBNqIHin.124","action":"GetUpdates", "result":"DeleteReceived", "context":{"id":"064e3fee-703d-4ce8-b4f3-f8ab3f8a5770", "isDeleted:":"true", "version":"1695829935124"}}
{"logTime": "1004/153934", "correlationVector":"ye9SofEW6QiAVgGBNqIHin.125","action":"GetUpdates", "result":"DeleteReceived", "context":{"id":"c4216b25-6dbf-49cb-b248-d9d6e027161e", "isDeleted:":"true", "version":"1695829935126"}}
{"logTime": "1004/153934", "correlationVector":"ye9SofEW6QiAVgGBNqIHin.126","action":"GetUpdates", "result":"DeleteReceived", "context":{"id":"8fdc4fcd-41cd-483f-bec9-c12eb48cfe1d", "isDeleted:":"true", "version":"1695830004973"}}
{"logTime": "1004/153934", "correlationVector":"ye9SofEW6QiAVgGBNqIHin.127","action":"GetUpdates", "result":"DeleteReceived", "context":{"id":"7400906e-cd8c-4fea-8278-115c0bf6a9db", "isDeleted:":"true", "version":"1695830126091"}}
{"logTime": "1004/153934", "correlationVector":"ye9SofEW6QiAVgGBNqIHin.128","action":"GetUpdates", "result":"DeleteReceived", "context":{"id":"522a32e6-5995-477e-8045-3c7698b53823", "isDeleted:":"true", "version":"1695833777360"}}
{"logTime": "1004/153934", "correlationVector":"ye9SofEW6QiAVgGBNqIHin.129","action":"GetUpdates", "result":"DeleteReceived", "context":{"id":"5f5717a8-b6aa-49df-b1cf-94d690708570", "isDeleted:":"true", "version":"1695837405626"}}
{"logTime": "1004/153934", "correlationVector":"ye9SofEW6QiAVgGBNqIHin.130","action":"GetUpdates", "result":"DeleteReceived", "context":{"id":"a1dc33d5-5991-4fec-b2f6-a71f403252b5", "isDeleted:":"true", "version":"1695837517307"}}
{"logTime": "1004/153934", "correlationVector":"ye9SofEW6QiAVgGBNqIHin.131","action":"GetUpdates", "result":"DeleteReceived", "context":{"id":"81914176-0e45-46c8-9b3b-82be169b4c70", "isDeleted:":"true", "version":"1695837517308"}}
{"logTime": "1004/153934", "correlationVector":"ye9SofEW6QiAVgGBNqIHin.132","action":"GetUpdates", "result":"DeleteReceived", "context":{"id":"f4d147f9-3f47-40a5-9d9d-7e04970db1ba", "isDeleted:":"true", "version":"1695839892082"}}
{"logTime": "1004/153934", "correlationVector":"ye9SofEW6QiAVgGBNqIHin.133","action":"GetUpdates", "result":"DeleteReceived", "context":{"id":"96cd7cc8-cc32-482d-a3eb-2810a8bef398", "isDeleted:":"true", "version":"1695841830623"}}
{"logTime": "1004/153934", "correlationVector":"ye9SofEW6QiAVgGBNqIHin.134","action":"GetUpdates", "result":"DeleteReceived", "context":{"id":"0e1cfbd9-2ae9-49a9-bb46-56311862d9ee", "isDeleted:":"true", "version":"1695842067879"}}
{"logTime": "1004/153934", "correlationVector":"ye9SofEW6QiAVgGBNqIHin.135","action":"GetUpdates", "result":"DeleteReceived", "context":{"id":"47db99f2-1976-4fd0-87a3-1e2386f5f4d5", "isDeleted:":"true", "version":"1695843775981"}}
{"logTime": "1004/153934", "correlationVector":"ye9SofEW6QiAVgGBNqIHin.136","action":"GetUpdates", "result":"DeleteReceived", "context":{"id":"910fb1e5-945c-4016-817a-6763ebdf0652", "isDeleted:":"true", "version":"1695869354449"}}
{"logTime": "1004/153934", "correlationVector":"ye9SofEW6QiAVgGBNqIHin.137","action":"GetUpdates", "result":"DeleteReceived", "context":{"id":"ef5b7b52-708d-4813-aac7-fe7e2ffda92a", "isDeleted:":"true", "version":"1695869354452"}}
{"logTime": "1004/153934", "correlationVector":"ye9SofEW6QiAVgGBNqIHin.138","action":"GetUpdates", "result":"DeleteReceived", "context":{"id":"5d0ca65a-00fd-4875-ab17-15fbee95e8ea", "isDeleted:":"true", "version":"1695870424345"}}
{"logTime": "1004/153934", "correlationVector":"ye9SofEW6QiAVgGBNqIHin.139","action":"GetUpdates", "result":"DeleteReceived", "context":{"id":"4778edb3-dd82-43d8-92a1-11195ef6b54e", "isDeleted:":"true", "version":"1695870424346"}}
{"logTime": "1004/153934", "correlationVector":"ye9SofEW6QiAVgGBNqIHin.140","action":"GetUpdates", "result":"DeleteReceived", "context":{"id":"5b9c2620-a00d-4275-ba43-710ef862e84c", "isDeleted:":"true", "version":"1695870424349"}}
{"logTime": "1004/153934", "correlationVector":"ye9SofEW6QiAVgGBNqIHin.141","action":"GetUpdates", "result":"DeleteReceived", "context":{"id":"077b68c7-ff0a-4648-893f-6ef9c42e85a3", "isDeleted:":"true", "version":"1695870424350"}}
{"logTime": "1004/153934", "correlationVector":"ye9SofEW6QiAVgGBNqIHin.142","action":"GetUpdates", "result":"DeleteReceived", "context":{"id":"95f724ef-a150-41ff-bfa2-4ea22bc76bf9", "isDeleted:":"true", "version":"1695870455733"}}
{"logTime": "1004/153934", "correlationVector":"ye9SofEW6QiAVgGBNqIHin.143","action":"GetUpdates", "result":"DeleteReceived", "context":{"id":"61a7d223-1c19-4e07-80d4-991de287fe59", "isDeleted:":"true", "version":"1695871173823"}}
{"logTime": "1004/153934", "correlationVector":"ye9SofEW6QiAVgGBNqIHin.144","action":"GetUpdates", "result":"DeleteReceived", "context":{"id":"63e76dbf-a469-48ee-893a-2a63938f922b", "isDeleted:":"true", "version":"1695871366517"}}
{"logTime": "1004/153934", "correlationVector":"ye9SofEW6QiAVgGBNqIHin.145","action":"GetUpdates", "result":"DeleteReceived", "context":{"id":"43ac0aca-c027-453e-bd42-8960ce73ffff", "isDeleted:":"true", "version":"1695871514438"}}
{"logTime": "1004/153934", "correlationVector":"ye9SofEW6QiAVgGBNqIHin.146","action":"GetUpdates", "result":"DeleteReceived", "context":{"id":"560a761b-7609-4bef-abfd-f5c45005bc1d", "isDeleted:":"true", "version":"1695871590105"}}
{"logTime": "1004/153934", "correlationVector":"ye9SofEW6QiAVgGBNqIHin.147","action":"GetUpdates", "result":"DeleteReceived", "context":{"id":"026e2b6d-52e9-4587-bbb0-1f9de9904110", "isDeleted:":"true", "version":"1695871590106"}}
{"logTime": "1004/153934", "correlationVector":"ye9SofEW6QiAVgGBNqIHin.148","action":"GetUpdates", "result":"DeleteReceived", "context":{"id":"3ebe3639-9ac2-43c6-a7be-ac23aefc545b", "isDeleted:":"true", "version":"1695901358497"}}
{"logTime": "1004/153934", "correlationVector":"ye9SofEW6QiAVgGBNqIHin.149","action":"GetUpdates", "result":"DeleteReceived", "context":{"id":"b9319907-bcf0-42f6-b99e-daa629808579", "isDeleted:":"true", "version":"1695908070982"}}
{"logTime": "1004/153934", "correlationVector":"ye9SofEW6QiAVgGBNqIHin.150","action":"GetUpdates", "result":"DeleteReceived", "context":{"id":"0b325d83-fbff-4c05-9247-ef821df1bcd2", "isDeleted:":"true", "version":"1695953788837"}}
{"logTime": "1004/153934", "correlationVector":"ye9SofEW6QiAVgGBNqIHin.151","action":"GetUpdates", "result":"DeleteReceived", "context":{"id":"70b9cf4d-6e8f-4043-9038-91080750c522", "isDeleted:":"true", "version":"1695953788838"}}
{"logTime": "1004/153934", "correlationVector":"ye9SofEW6QiAVgGBNqIHin.152","action":"GetUpdates", "result":"DeleteReceived", "context":{"id":"b52b5685-627f-4508-8c2c-e13449aa77b3", "isDeleted:":"true", "version":"1695953788839"}}
{"logTime": "1004/153934", "correlationVector":"ye9SofEW6QiAVgGBNqIHin.153","action":"GetUpdates", "result":"DeleteReceived", "context":{"id":"2e044f46-0efc-48e1-9c65-d1cbbd6d986f", "isDeleted:":"true", "version":"1695953788840"}}
{"logTime": "1004/153934", "correlationVector":"ye9SofEW6QiAVgGBNqIHin.154","action":"GetUpdates", "result":"DeleteReceived", "context":{"id":"3ab04660-b405-4acc-9c10-e0ae312f0e50", "isDeleted:":"true", "version":"1695953788841"}}
{"logTime": "1004/153934", "correlationVector":"ye9SofEW6QiAVgGBNqIHin.155","action":"GetUpdates", "result":"DeleteReceived", "context":{"id":"44200562-2c99-4b8b-ba52-6713ddcc361a", "isDeleted:":"true", "version":"1695953788842"}}
{"logTime": "1004/153934", "correlationVector":"ye9SofEW6QiAVgGBNqIHin.156","action":"GetUpdates", "result":"DeleteReceived", "context":{"id":"81b59df0-934e-49e9-85dd-193e9b8f7e1e", "isDeleted:":"true", "version":"1695967365798"}}
{"logTime": "1004/153934", "correlationVector":"ye9SofEW6QiAVgGBNqIHin.157","action":"GetUpdates", "result":"DeleteReceived", "context":{"id":"f215b94c-e4a2-4144-8248-f79a2c2bccae", "isDeleted:":"true", "version":"1695967432944"}}
{"logTime": "1004/153934", "correlationVector":"ye9SofEW6QiAVgGBNqIHin.158","action":"GetUpdates", "result":"DeleteReceived", "context":{"id":"03d40a36-5c40-44ad-bf02-74a26905465d", "isDeleted:":"true", "version":"1695967517951"}}
{"logTime": "1004/153934", "correlationVector":"ye9SofEW6QiAVgGBNqIHin.159","action":"GetUpdates", "result":"DeleteReceived", "context":{"id":"47f4d0a0-c593-4cd4-a4fa-acd7d7ef0118", "isDeleted:":"true", "version":"1695967601640"}}
{"logTime": "1004/153934", "correlationVector":"ye9SofEW6QiAVgGBNqIHin.160","action":"GetUpdates", "result":"DeleteReceived", "context":{"id":"d5025732-e1ff-426c-946b-c3e54d166d5e", "isDeleted:":"true", "version":"1695968898817"}}
{"logTime": "1004/153934", "correlationVector":"ye9SofEW6QiAVgGBNqIHin.161","action":"GetUpdates", "result":"DeleteReceived", "context":{"id":"39c85579-abc8-49d7-ba2f-2b4603a2a739", "isDeleted:":"true", "version":"1695970251878"}}
{"logTime": "1004/153934", "correlationVector":"ye9SofEW6QiAVgGBNqIHin.162","action":"GetUpdates", "result":"DeleteReceived", "context":{"id":"c4f4d338-f11d-4009-94b3-7486dd3f28e9", "isDeleted:":"true", "version":"1695970427167"}}
{"logTime": "1004/153934", "correlationVector":"ye9SofEW6QiAVgGBNqIHin.163","action":"GetUpdates", "result":"DeleteReceived", "context":{"id":"37ec2f83-1a44-4ec0-ac43-d425db78ee05", "isDeleted:":"true", "version":"1695970476894"}}
{"logTime": "1004/153934", "correlationVector":"ye9SofEW6QiAVgGBNqIHin.164","action":"GetUpdates", "result":"DeleteReceived", "context":{"id":"71a745d3-e518-49a5-bd87-1ee028f7ef42", "isDeleted:":"true", "version":"1695970655125"}}
{"logTime": "1004/153934", "correlationVector":"ye9SofEW6QiAVgGBNqIHin.165","action":"GetUpdates", "result":"DeleteReceived", "context":{"id":"3d296c0a-ca98-472d-8358-a2e7c92c039f", "isDeleted:":"true", "version":"1695970686431"}}
{"logTime": "1004/153934", "correlationVector":"ye9SofEW6QiAVgGBNqIHin.166","action":"GetUpdates", "result":"DeleteReceived", "context":{"id":"5d7bf28f-6847-43a8-9bf2-2155700102af", "isDeleted:":"true", "version":"1695970686432"}}
{"logTime": "1004/153934", "correlationVector":"ye9SofEW6QiAVgGBNqIHin.167","action":"GetUpdates", "result":"DeleteReceived", "context":{"id":"64dc01cd-6c47-4369-b0a4-a0c5d18a6e80", "isDeleted:":"true", "version":"1695975623590"}}
{"logTime": "1004/153934", "correlationVector":"ye9SofEW6QiAVgGBNqIHin.168","action":"GetUpdates", "result":"DeleteReceived", "context":{"id":"62e3de12-52d5-4623-98cb-3c696ee67a0d", "isDeleted:":"true", "version":"1695975623591"}}
{"logTime": "1004/153934", "correlationVector":"ye9SofEW6QiAVgGBNqIHin.169","action":"GetUpdates", "result":"DeleteReceived", "context":{"id":"666870db-06d9-42b8-b3d5-76c115b3e489", "isDeleted:":"true", "version":"1695981209939"}}
{"logTime": "1004/153934", "correlationVector":"ye9SofEW6QiAVgGBNqIHin.170","action":"GetUpdates", "result":"DeleteReceived", "context":{"id":"adc99187-017d-4f6f-8aae-84f5d74941e4", "isDeleted:":"true", "version":"1695981209941"}}
{"logTime": "1004/153934", "correlationVector":"ye9SofEW6QiAVgGBNqIHin.171","action":"GetUpdates", "result":"DeleteReceived", "context":{"id":"ec36d419-ae68-451e-b171-7b3e0dc9cba9", "isDeleted:":"true", "version":"1695981240492"}}
{"logTime": "1004/153934", "correlationVector":"ye9SofEW6QiAVgGBNqIHin.172","action":"GetUpdates", "result":"DeleteReceived", "context":{"id":"77380b9a-3a09-41f2-b054-5f68d75693a2", "isDeleted:":"true", "version":"1695981240493"}}
{"logTime": "1004/153934", "correlationVector":"ye9SofEW6QiAVgGBNqIHin.173","action":"GetUpdates", "result":"DeleteReceived", "context":{"id":"db3b20b3-378d-4519-969c-07e92a1af5de", "isDeleted:":"true", "version":"1695981357799"}}
{"logTime": "1004/153934", "correlationVector":"ye9SofEW6QiAVgGBNqIHin.174","action":"GetUpdates", "result":"DeleteReceived", "context":{"id":"243968f6-aacd-4eff-99fa-3f1cbc73465a", "isDeleted:":"true", "version":"1695981357800"}}
{"logTime": "1004/153934", "correlationVector":"ye9SofEW6QiAVgGBNqIHin.175","action":"GetUpdates", "result":"DeleteReceived", "context":{"id":"d4f3a1f7-af90-4992-ad83-5c2dffcd3a58", "isDeleted:":"true", "version":"1695981357801"}}
{"logTime": "1004/153934", "correlationVector":"ye9SofEW6QiAVgGBNqIHin.176","action":"GetUpdates", "result":"DeleteReceived", "context":{"id":"2620efc4-d5a2-4304-a141-3b6858f3ed3b", "isDeleted:":"true", "version":"1695983132421"}}
{"logTime": "1004/153934", "correlationVector":"ye9SofEW6QiAVgGBNqIHin.177","action":"GetUpdates", "result":"DeleteReceived", "context":{"id":"8ede64aa-6fd0-4b6f-85d9-8770973a15cb", "isDeleted:":"true", "version":"1696049914843"}}
{"logTime": "1004/153934", "correlationVector":"ye9SofEW6QiAVgGBNqIHin.178","action":"GetUpdates", "result":"DeleteReceived", "context":{"id":"53a4d77f-d114-41db-9dd0-5920ea076e35", "isDeleted:":"true", "version":"1696062436592"}}
{"logTime": "1004/153934", "correlationVector":"ye9SofEW6QiAVgGBNqIHin.179","action":"GetUpdates", "result":"DeleteReceived", "context":{"id":"0a1bda0a-36cb-4487-b072-74818f79a663", "isDeleted:":"true", "version":"1696062467868"}}
{"logTime": "1004/153934", "correlationVector":"ye9SofEW6QiAVgGBNqIHin.180","action":"GetUpdates", "result":"DeleteReceived", "context":{"id":"a6557f70-55e7-4ecd-a197-c36fe3d76376", "isDeleted:":"true", "version":"1696062547850"}}
{"logTime": "1004/153934", "correlationVector":"ye9SofEW6QiAVgGBNqIHin.181","action":"GetUpdates", "result":"DeleteReceived", "context":{"id":"24207252-1683-4894-803b-9db53b64090b", "isDeleted:":"true", "version":"1696062547851"}}
{"logTime": "1004/153934", "correlationVector":"ye9SofEW6QiAVgGBNqIHin.182","action":"GetUpdates", "result":"DeleteReceived", "context":{"id":"1462085f-c008-4b24-9255-7d0e0a640195", "isDeleted:":"true", "version":"1696063852306"}}
{"logTime": "1004/153934", "correlationVector":"ye9SofEW6QiAVgGBNqIHin.183","action":"GetUpdates", "result":"DeleteReceived", "context":{"id":"2699f37e-92ab-448a-be02-f3b198ee9804", "isDeleted:":"true", "version":"1696063852307"}}
{"logTime": "1004/153934", "correlationVector":"ye9SofEW6QiAVgGBNqIHin.184","action":"GetUpdates", "result":"DeleteReceived", "context":{"id":"88387c9a-4f9b-4fef-af38-086e9e3db089", "isDeleted:":"true", "version":"1696069064939"}}
{"logTime": "1004/153934", "correlationVector":"ye9SofEW6QiAVgGBNqIHin.185","action":"GetUpdates", "result":"DeleteReceived", "context":{"id":"54b5b57f-9363-49dc-beec-af9ebb0eb850", "isDeleted:":"true", "version":"1696075170404"}}
{"logTime": "1004/153934", "correlationVector":"ye9SofEW6QiAVgGBNqIHin.186","action":"GetUpdates", "result":"DeleteReceived", "context":{"id":"d1d2f7eb-9035-4ba9-9eab-c9db59f0d7c5", "isDeleted:":"true", "version":"1696096510326"}}
{"logTime": "1004/153934", "correlationVector":"ye9SofEW6QiAVgGBNqIHin.187","action":"GetUpdates", "result":"DeleteReceived", "context":{"id":"8eefdb39-eeeb-43c0-987b-2e5c25f5f62b", "isDeleted:":"true", "version":"1696104056639"}}
{"logTime": "1004/153934", "correlationVector":"ye9SofEW6QiAVgGBNqIHin.188","action":"GetUpdates", "result":"DeleteReceived", "context":{"id":"995a9a15-4f32-4973-b4b6-870b905bd6cc", "isDeleted:":"true", "version":"1696129107048"}}
{"logTime": "1004/153934", "correlationVector":"ye9SofEW6QiAVgGBNqIHin.189","action":"GetUpdates", "result":"DeleteReceived", "context":{"id":"754f2a97-3f2d-4cb2-ba04-00493c013077", "isDeleted:":"true", "version":"1696129107050"}}
{"logTime": "1004/153934", "correlationVector":"ye9SofEW6QiAVgGBNqIHin.190","action":"GetUpdates", "result":"DeleteReceived", "context":{"id":"82bbc042-d5e5-43ff-b775-c8001d830deb", "isDeleted:":"true", "version":"1696129107051"}}
{"logTime": "1004/153934", "correlationVector":"ye9SofEW6QiAVgGBNqIHin.191","action":"GetUpdates", "result":"DeleteReceived", "context":{"id":"410a6354-0413-4eb8-8e51-82a15261f25b", "isDeleted:":"true", "version":"1696129139687"}}
{"logTime": "1004/153934", "correlationVector":"ye9SofEW6QiAVgGBNqIHin.192","action":"GetUpdates", "result":"DeleteReceived", "context":{"id":"247ff1e4-bc43-46f3-b022-927f5cefca49", "isDeleted:":"true", "version":"1696129276257"}}
{"logTime": "1004/153934", "correlationVector":"ye9SofEW6QiAVgGBNqIHin.193","action":"GetUpdates", "result":"DeleteReceived", "context":{"id":"7ac597bf-1340-405f-953f-6b096eb4f64e", "isDeleted:":"true", "version":"1696134008748"}}
{"logTime": "1004/153934", "correlationVector":"ye9SofEW6QiAVgGBNqIHin.194","action":"GetUpdates", "result":"DeleteReceived", "context":{"id":"4bbc6775-2123-43c7-9bad-049db73b8a40", "isDeleted:":"true", "version":"1696136591751"}}
{"logTime": "1004/153934", "correlationVector":"ye9SofEW6QiAVgGBNqIHin.195","action":"GetUpdates", "result":"DeleteReceived", "context":{"id":"d9b2bed8-e775-4fa3-ac2b-4714b4bf2fe3", "isDeleted:":"true", "version":"1696136970760"}}
{"logTime": "1004/153934", "correlationVector":"ye9SofEW6QiAVgGBNqIHin.196","action":"GetUpdates", "result":"DeleteReceived", "context":{"id":"a7640cbd-2bf1-4046-a30c-a07f46f9a68c", "isDeleted:":"true", "version":"1696138709429"}}
{"logTime": "1004/153934", "correlationVector":"ye9SofEW6QiAVgGBNqIHin.197","action":"GetUpdates", "result":"DeleteReceived", "context":{"id":"2bc52d11-a3b1-4201-862a-bf1b96cae7e7", "isDeleted:":"true", "version":"1696139066921"}}
{"logTime": "1004/153934", "correlationVector":"ye9SofEW6QiAVgGBNqIHin.198","action":"GetUpdates", "result":"DeleteReceived", "context":{"id":"e83cebb6-15b9-4ed6-9927-bec7cd6b99c1", "isDeleted:":"true", "version":"1696139273289"}}
{"logTime": "1004/153934", "correlationVector":"ye9SofEW6QiAVgGBNqIHin.199","action":"GetUpdates", "result":"DeleteReceived", "context":{"id":"50449f98-5759-448b-8a18-3c47923c5201", "isDeleted:":"true", "version":"1696139347890"}}
{"logTime": "1004/153934", "correlationVector":"ye9SofEW6QiAVgGBNqIHin.200","action":"GetUpdates", "result":"DeleteReceived", "context":{"id":"046b4bf7-9057-48c2-af0c-4df613c65f8e", "isDeleted:":"true", "version":"1696140004499"}}
{"logTime": "1004/153934", "correlationVector":"ye9SofEW6QiAVgGBNqIHin.201","action":"GetUpdates", "result":"DeleteReceived", "context":{"id":"0f676642-d19e-439c-861a-7de41394fa50", "isDeleted:":"true", "version":"1696140004502"}}
{"logTime": "1004/153934", "correlationVector":"ye9SofEW6QiAVgGBNqIHin.202","action":"GetUpdates", "result":"DeleteReceived", "context":{"id":"7e3364d5-1fd3-4543-b37e-778ffaf4783d", "isDeleted:":"true", "version":"1696140222115"}}
{"logTime": "1004/153934", "correlationVector":"ye9SofEW6QiAVgGBNqIHin.203","action":"GetUpdates", "result":"DeleteReceived", "context":{"id":"10c2e0cb-5a63-4839-ade6-24e01ac9e1c5", "isDeleted:":"true", "version":"1696140320738"}}
{"logTime": "1004/153934", "correlationVector":"ye9SofEW6QiAVgGBNqIHin.204","action":"GetUpdates", "result":"DeleteReceived", "context":{"id":"ebd3864c-2d2c-4e0f-bba9-c1a3be6355a4", "isDeleted:":"true", "version":"1696140320739"}}
{"logTime": "1004/153934", "correlationVector":"ye9SofEW6QiAVgGBNqIHin.205","action":"GetUpdates", "result":"DeleteReceived", "context":{"id":"c9670878-0a14-4691-90ce-d40beb3aa0cb", "isDeleted:":"true", "version":"1696140399111"}}
{"logTime": "1004/153934", "correlationVector":"ye9SofEW6QiAVgGBNqIHin.206","action":"GetUpdates", "result":"DeleteReceived", "context":{"id":"b83fba03-0bb5-44a6-86dd-046bbf8a1cd9", "isDeleted:":"true", "version":"1696142295397"}}
{"logTime": "1004/153934", "correlationVector":"ye9SofEW6QiAVgGBNqIHin.207","action":"GetUpdates", "result":"DeleteReceived", "context":{"id":"aff93ed7-7962-44d0-bdbd-f554ba6471ec", "isDeleted:":"true", "version":"1696143479688"}}
{"logTime": "1004/153934", "correlationVector":"ye9SofEW6QiAVgGBNqIHin.208","action":"GetUpdates", "result":"DeleteReceived", "context":{"id":"2372e9b5-97fe-4953-824c-a3308b1c2d89", "isDeleted:":"true", "version":"1696143479689"}}
{"logTime": "1004/153934", "correlationVector":"ye9SofEW6QiAVgGBNqIHin.209","action":"GetUpdates", "result":"DeleteReceived", "context":{"id":"163f325b-6891-46b0-ab03-580483334dcc", "isDeleted:":"true", "version":"1696143479690"}}
{"logTime": "1004/153934", "correlationVector":"ye9SofEW6QiAVgGBNqIHin.210","action":"GetUpdates", "result":"DeleteReceived", "context":{"id":"43f500a3-03da-4f4c-9bcf-a2b31a9dc3e4", "isDeleted:":"true", "version":"1696146773743"}}
{"logTime": "1004/153934", "correlationVector":"ye9SofEW6QiAVgGBNqIHin.211","action":"GetUpdates", "result":"DeleteReceived", "context":{"id":"2142f59f-4308-4a24-8c5a-476cd0407e5d", "isDeleted:":"true", "version":"1696146773744"}}
{"logTime": "1004/153934", "correlationVector":"ye9SofEW6QiAVgGBNqIHin.212","action":"GetUpdates", "result":"DeleteReceived", "context":{"id":"50fee17d-09fb-4c68-b56d-61d1f0ee1f3a", "isDeleted:":"true", "version":"1696156759681"}}
{"logTime": "1004/153934", "correlationVector":"ye9SofEW6QiAVgGBNqIHin.213","action":"GetUpdates", "result":"DeleteReceived", "context":{"id":"bdd9c234-b396-42b9-abe8-59c67701dc8e", "isDeleted:":"true", "version":"1696157208615"}}
{"logTime": "1004/153934", "correlationVector":"ye9SofEW6QiAVgGBNqIHin.214","action":"GetUpdates", "result":"DeleteReceived", "context":{"id":"def73eb9-133e-46fa-b437-b6c16410cbdb", "isDeleted:":"true", "version":"1696157239797"}}
{"logTime": "1004/153934", "correlationVector":"ye9SofEW6QiAVgGBNqIHin.215","action":"GetUpdates", "result":"DeleteReceived", "context":{"id":"b94e3b87-3752-454b-b956-d55cbdfaa101", "isDeleted:":"true", "version":"1696157369200"}}
{"logTime": "1004/153934", "correlationVector":"ye9SofEW6QiAVgGBNqIHin.216","action":"GetUpdates", "result":"DeleteReceived", "context":{"id":"f814816b-a778-4596-8fd3-c489d9011490", "isDeleted:":"true", "version":"1696157369201"}}
{"logTime": "1004/153934", "correlationVector":"ye9SofEW6QiAVgGBNqIHin.217","action":"GetUpdates", "result":"DeleteReceived", "context":{"id":"0249560d-3980-46cc-a599-2634eb398983", "isDeleted:":"true", "version":"1696157576085"}}
{"logTime": "1004/153934", "correlationVector":"ye9SofEW6QiAVgGBNqIHin.218","action":"GetUpdates Response", "result":"SERVER_MORE_TO_DOWNLOAD", "context":Received 250 update(s).  Some updates remain.}
{"logTime": "1004/153934", "correlationVector":"HTclvVOdkAECbfW2XRlBI/","action":"Initial GetUpdates", "result":"", "context":Reason: PROGRAMMATIC. cV=HTclvVOdkAECbfW2XRlBI/}
{"logTime": "1004/153935", "correlationVector":"HTclvVOdkAECbfW2XRlBI/.1","action":"SyncServerConnectionManagerRequest", "result":"SYNC_SERVER_OK", "context":{"environment":"Prod_SoutheastAsia_000j", "migrationStage":"NotStarted", "server":"GENERAL01000015"}}
{"logTime": "1004/153935", "correlationVector":"HTclvVOdkAECbfW2XRlBI/.2","action":"GetUpdates", "result":"DeleteReceived", "context":{"id":"5fec8350-5f13-41ce-8a1a-a06416af1bd7", "isDeleted:":"true", "version":"1696157903273"}}
{"logTime": "1004/153935", "correlationVector":"HTclvVOdkAECbfW2XRlBI/.3","action":"GetUpdates", "result":"DeleteReceived", "context":{"id":"964a3a9e-c974-40f8-8c35-26c6f384d22a", "isDeleted:":"true", "version":"1696157903274"}}
{"logTime": "1004/153935", "correlationVector":"HTclvVOdkAECbfW2XRlBI/.4","action":"GetUpdates", "result":"DeleteReceived", "context":{"id":"bc7fa8e7-5a71-4af9-8cd3-f8f1b577ea62", "isDeleted:":"true", "version":"1696157903276"}}
{"logTime": "1004/153935", "correlationVector":"HTclvVOdkAECbfW2XRlBI/.5","action":"GetUpdates", "result":"DeleteReceived", "context":{"id":"0f771cb5-d11c-4c25-a675-26d1e2eac9cf", "isDeleted:":"true", "version":"1696157903277"}}
{"logTime": "1004/153935", "correlationVector":"HTclvVOdkAECbfW2XRlBI/.6","action":"GetUpdates", "result":"DeleteReceived", "context":{"id":"706f05c5-5823-46a3-83da-a1a64f7bea24", "isDeleted:":"true", "version":"1696158867552"}}
{"logTime": "1004/153935", "correlationVector":"HTclvVOdkAECbfW2XRlBI/.7","action":"GetUpdates", "result":"DeleteReceived", "context":{"id":"62e59d9d-baff-414f-8a3d-ced1d588887c", "isDeleted:":"true", "version":"1696161911464"}}
{"logTime": "1004/153935", "correlationVector":"HTclvVOdkAECbfW2XRlBI/.8","action":"GetUpdates", "result":"DeleteReceived", "context":{"id":"174075c1-2ac1-48cd-93c9-296dc0d82e95", "isDeleted:":"true", "version":"1696163000382"}}
{"logTime": "1004/153935", "correlationVector":"HTclvVOdkAECbfW2XRlBI/.9","action":"GetUpdates", "result":"DeleteReceived", "context":{"id":"0da9a7de-9650-409e-b8f3-a12e178e5762", "isDeleted:":"true", "version":"1696163000383"}}
{"logTime": "1004/153935", "correlationVector":"HTclvVOdkAECbfW2XRlBI/.10","action":"GetUpdates", "result":"DeleteReceived", "context":{"id":"0dcfce1e-18b2-4bc2-b1a5-3925d68e6747", "isDeleted:":"true", "version":"1696164298452"}}
{"logTime": "1004/153935", "correlationVector":"HTclvVOdkAECbfW2XRlBI/.11","action":"GetUpdates", "result":"DeleteReceived", "context":{"id":"fb8488b8-a69e-474c-978a-07f426ccb3e4", "isDeleted:":"true", "version":"1696164384550"}}
{"logTime": "1004/153935", "correlationVector":"HTclvVOdkAECbfW2XRlBI/.12","action":"GetUpdates", "result":"DeleteReceived", "context":{"id":"8a9d07c9-09bf-4a78-a3d7-6c6a1555b2bf", "isDeleted:":"true", "version":"1696164384553"}}
{"logTime": "1004/153935", "correlationVector":"HTclvVOdkAECbfW2XRlBI/.13","action":"GetUpdates", "result":"DeleteReceived", "context":{"id":"10c044d2-e8b2-4c15-ae73-568962495473", "isDeleted:":"true", "version":"1696170099051"}}
{"logTime": "1004/153935", "correlationVector":"HTclvVOdkAECbfW2XRlBI/.14","action":"GetUpdates", "result":"DeleteReceived", "context":{"id":"e5dcbf24-6133-4e95-9edd-377beff0eede", "isDeleted:":"true", "version":"1696170099052"}}
{"logTime": "1004/153935", "correlationVector":"HTclvVOdkAECbfW2XRlBI/.15","action":"GetUpdates", "result":"DeleteReceived", "context":{"id":"ff5ad3dd-87db-415e-a23f-c21a5cb02fbf", "isDeleted:":"true", "version":"1696170099054"}}
{"logTime": "1004/153935", "correlationVector":"HTclvVOdkAECbfW2XRlBI/.16","action":"GetUpdates", "result":"DeleteReceived", "context":{"id":"13ad5fe2-c835-46a8-bfea-e42f08bc17f6", "isDeleted:":"true", "version":"1696170099055"}}
{"logTime": "1004/153935", "correlationVector":"HTclvVOdkAECbfW2XRlBI/.17","action":"GetUpdates", "result":"DeleteReceived", "context":{"id":"fa982b1c-74af-4532-ba9c-4be43118a3ef", "isDeleted:":"true", "version":"1696170099056"}}
{"logTime": "1004/153935", "correlationVector":"HTclvVOdkAECbfW2XRlBI/.18","action":"GetUpdates", "result":"DeleteReceived", "context":{"id":"41a2835a-1733-4f9d-ab56-e61a35309612", "isDeleted:":"true", "version":"1696170099057"}}
{"logTime": "1004/153935", "correlationVector":"HTclvVOdkAECbfW2XRlBI/.19","action":"GetUpdates", "result":"DeleteReceived", "context":{"id":"6f25f8b7-7d73-4c6b-a09f-c383d5cdc278", "isDeleted:":"true", "version":"1696170099058"}}
{"logTime": "1004/153935", "correlationVector":"HTclvVOdkAECbfW2XRlBI/.20","action":"GetUpdates", "result":"DeleteReceived", "context":{"id":"7ff30a72-5103-424a-a3ac-6a1469581c20", "isDeleted:":"true", "version":"1696170099059"}}
{"logTime": "1004/153935", "correlationVector":"HTclvVOdkAECbfW2XRlBI/.21","action":"GetUpdates", "result":"DeleteReceived", "context":{"id":"aa0eb295-9f89-40d7-bfe4-661a0f70a926", "isDeleted:":"true", "version":"1696170099060"}}
{"logTime": "1004/153935", "correlationVector":"HTclvVOdkAECbfW2XRlBI/.22","action":"GetUpdates", "result":"DeleteReceived", "context":{"id":"312bef6e-d351-4bc1-a8f1-966e8eff79ad", "isDeleted:":"true", "version":"1696173583321"}}
{"logTime": "1004/153935", "correlationVector":"HTclvVOdkAECbfW2XRlBI/.23","action":"GetUpdates", "result":"DeleteReceived", "context":{"id":"fdf1c2df-4812-451b-b881-a397a15b083d", "isDeleted:":"true", "version":"1696173935065"}}
{"logTime": "1004/153935", "correlationVector":"HTclvVOdkAECbfW2XRlBI/.24","action":"GetUpdates", "result":"DeleteReceived", "context":{"id":"65909bc2-6010-4b65-9f56-4de7281e1300", "isDeleted:":"true", "version":"1696179327183"}}
{"logTime": "1004/153935", "correlationVector":"HTclvVOdkAECbfW2XRlBI/.25","action":"GetUpdates", "result":"DeleteReceived", "context":{"id":"fc7ddccc-910b-4a53-ae2b-e9b0a57f787a", "isDeleted:":"true", "version":"1696179468839"}}
{"logTime": "1004/153935", "correlationVector":"HTclvVOdkAECbfW2XRlBI/.26","action":"GetUpdates", "result":"DeleteReceived", "context":{"id":"6b6c32f8-44aa-4c59-a476-0d6fcb804b1c", "isDeleted:":"true", "version":"1696179468840"}}
{"logTime": "1004/153935", "correlationVector":"HTclvVOdkAECbfW2XRlBI/.27","action":"GetUpdates", "result":"DeleteReceived", "context":{"id":"3d707fbd-32f5-4edc-9453-64236490fb29", "isDeleted:":"true", "version":"1696179503816"}}
{"logTime": "1004/153935", "correlationVector":"HTclvVOdkAECbfW2XRlBI/.28","action":"GetUpdates", "result":"DeleteReceived", "context":{"id":"3ebaf792-cfb9-444a-a3ce-87d150050b04", "isDeleted:":"true", "version":"1696179503817"}}
{"logTime": "1004/153935", "correlationVector":"HTclvVOdkAECbfW2XRlBI/.29","action":"GetUpdates", "result":"DeleteReceived", "context":{"id":"11b4a401-ddde-4e43-a19a-e4494cb272ff", "isDeleted:":"true", "version":"1696179535790"}}
{"logTime": "1004/153935", "correlationVector":"HTclvVOdkAECbfW2XRlBI/.30","action":"GetUpdates", "result":"DeleteReceived", "context":{"id":"24b7caf0-c867-42f1-8676-eafd30e567e6", "isDeleted:":"true", "version":"1696179597242"}}
{"logTime": "1004/153935", "correlationVector":"HTclvVOdkAECbfW2XRlBI/.31","action":"GetUpdates", "result":"DeleteReceived", "context":{"id":"2f4aab11-9748-4165-a706-31c959237a0a", "isDeleted:":"true", "version":"1696179597244"}}
{"logTime": "1004/153935", "correlationVector":"HTclvVOdkAECbfW2XRlBI/.32","action":"GetUpdates", "result":"DeleteReceived", "context":{"id":"9a04e680-4112-45d9-bbd8-7c888a2e611c", "isDeleted:":"true", "version":"1696179628061"}}
{"logTime": "1004/153935", "correlationVector":"HTclvVOdkAECbfW2XRlBI/.33","action":"GetUpdates", "result":"DeleteReceived", "context":{"id":"636d2b52-c12e-4942-8e54-688c258daf78", "isDeleted:":"true", "version":"1696179661127"}}
{"logTime": "1004/153935", "correlationVector":"HTclvVOdkAECbfW2XRlBI/.34","action":"GetUpdates", "result":"DeleteReceived", "context":{"id":"049e08d0-9273-4817-a86f-e1d9aae14125", "isDeleted:":"true", "version":"1696180015894"}}
{"logTime": "1004/153935", "correlationVector":"HTclvVOdkAECbfW2XRlBI/.35","action":"GetUpdates", "result":"DeleteReceived", "context":{"id":"876e7262-ad02-4088-8c3c-4dc045246d63", "isDeleted:":"true", "version":"1696188217319"}}
{"logTime": "1004/153935", "correlationVector":"HTclvVOdkAECbfW2XRlBI/.36","action":"GetUpdates", "result":"DeleteReceived", "context":{"id":"f27c56bb-fb5d-4cf9-8842-20587be55034", "isDeleted:":"true", "version":"1696192072761"}}
{"logTime": "1004/153935", "correlationVector":"HTclvVOdkAECbfW2XRlBI/.37","action":"GetUpdates", "result":"DeleteReceived", "context":{"id":"bd9cdf11-c3fd-4788-aae3-320917b07704", "isDeleted:":"true", "version":"1696227798830"}}
{"logTime": "1004/153935", "correlationVector":"HTclvVOdkAECbfW2XRlBI/.38","action":"GetUpdates", "result":"DeleteReceived", "context":{"id":"a0e27658-d619-4564-b60a-973e3e2d07c5", "isDeleted:":"true", "version":"1696227798831"}}
{"logTime": "1004/153935", "correlationVector":"HTclvVOdkAECbfW2XRlBI/.39","action":"GetUpdates", "result":"DeleteReceived", "context":{"id":"4f630e9e-0272-4ebd-9179-a85d1ca00677", "isDeleted:":"true", "version":"1696262394276"}}
{"logTime": "1004/153935", "correlationVector":"HTclvVOdkAECbfW2XRlBI/.40","action":"GetUpdates", "result":"DeleteReceived", "context":{"id":"02ed25d2-fe79-499c-b425-458817d60b97", "isDeleted:":"true", "version":"1696262729575"}}
{"logTime": "1004/153935", "correlationVector":"HTclvVOdkAECbfW2XRlBI/.41","action":"GetUpdates", "result":"DeleteReceived", "context":{"id":"14db6027-eb17-4166-8440-52c90cf592e2", "isDeleted:":"true", "version":"1696271785980"}}
{"logTime": "1004/153935", "correlationVector":"HTclvVOdkAECbfW2XRlBI/.42","action":"GetUpdates", "result":"DeleteReceived", "context":{"id":"a1728c06-1442-494a-9c1c-c2e9f03f5acc", "isDeleted:":"true", "version":"1696271785981"}}
{"logTime": "1004/153935", "correlationVector":"HTclvVOdkAECbfW2XRlBI/.43","action":"GetUpdates", "result":"DeleteReceived", "context":{"id":"4ae55066-a4cc-4844-8151-1c9912a28e8f", "isDeleted:":"true", "version":"1696283863482"}}
{"logTime": "1004/153935", "correlationVector":"HTclvVOdkAECbfW2XRlBI/.44","action":"GetUpdates", "result":"DeleteReceived", "context":{"id":"8ac9f125-73a0-4d03-aef7-18e0d9302fb7", "isDeleted:":"true", "version":"1696283863483"}}
{"logTime": "1004/153935", "correlationVector":"HTclvVOdkAECbfW2XRlBI/.45","action":"GetUpdates", "result":"DeleteReceived", "context":{"id":"7168a13c-e848-4eff-8454-3383c7790426", "isDeleted:":"true", "version":"1696293772718"}}
{"logTime": "1004/153935", "correlationVector":"HTclvVOdkAECbfW2XRlBI/.46","action":"GetUpdates", "result":"DeleteReceived", "context":{"id":"fae92a8b-aa82-44e7-b392-f22a98f2dc1a", "isDeleted:":"true", "version":"1696293772719"}}
{"logTime": "1004/153935", "correlationVector":"HTclvVOdkAECbfW2XRlBI/.47","action":"GetUpdates", "result":"DeleteReceived", "context":{"id":"f6351efb-3864-4a7a-b890-9bcce80d6a7b", "isDeleted:":"true", "version":"1696293772723"}}
{"logTime": "1004/153935", "correlationVector":"HTclvVOdkAECbfW2XRlBI/.48","action":"GetUpdates", "result":"DeleteReceived", "context":{"id":"1e6e855b-761f-4d57-ab06-e60736f9c0a6", "isDeleted:":"true", "version":"1696293867004"}}
{"logTime": "1004/153935", "correlationVector":"HTclvVOdkAECbfW2XRlBI/.49","action":"GetUpdates", "result":"DeleteReceived", "context":{"id":"de3d993c-e45b-451e-bfb9-b2d9ac1696cd", "isDeleted:":"true", "version":"1696293867005"}}
{"logTime": "1004/153935", "correlationVector":"HTclvVOdkAECbfW2XRlBI/.50","action":"GetUpdates", "result":"DeleteReceived", "context":{"id":"9c08d49b-e896-45e6-94ae-7e513115cd45", "isDeleted:":"true", "version":"1696297171132"}}
{"logTime": "1004/153935", "correlationVector":"HTclvVOdkAECbfW2XRlBI/.51","action":"GetUpdates", "result":"DeleteReceived", "context":{"id":"6793f971-ea6e-4535-a235-b0058ba4a299", "isDeleted:":"true", "version":"1696300373693"}}
{"logTime": "1004/153935", "correlationVector":"HTclvVOdkAECbfW2XRlBI/.52","action":"GetUpdates", "result":"DeleteReceived", "context":{"id":"1e6ffada-29e4-4f52-98c9-d8c3383c43ec", "isDeleted:":"true", "version":"1696303771254"}}
{"logTime": "1004/153935", "correlationVector":"HTclvVOdkAECbfW2XRlBI/.53","action":"GetUpdates", "result":"DeleteReceived", "context":{"id":"9140282e-aee5-46c1-a895-5226fa0b04b9", "isDeleted:":"true", "version":"1696343288369"}}
{"logTime": "1004/153935", "correlationVector":"HTclvVOdkAECbfW2XRlBI/.54","action":"GetUpdates", "result":"DeleteReceived", "context":{"id":"ea4ee285-cbb2-4dcd-b2cd-f1f40dc3c073", "isDeleted:":"true", "version":"1696343288370"}}
{"logTime": "1004/153935", "correlationVector":"HTclvVOdkAECbfW2XRlBI/.55","action":"GetUpdates", "result":"DeleteReceived", "context":{"id":"b56dbeb5-0627-4afe-9318-e50c7364ab1f", "isDeleted:":"true", "version":"1696343306264"}}
{"logTime": "1004/153935", "correlationVector":"HTclvVOdkAECbfW2XRlBI/.56","action":"GetUpdates", "result":"DeleteReceived", "context":{"id":"5ce3b557-c42b-4d9c-a81c-58e71a701af1", "isDeleted:":"true", "version":"1696344532611"}}
{"logTime": "1004/153935", "correlationVector":"HTclvVOdkAECbfW2XRlBI/.57","action":"GetUpdates", "result":"DeleteReceived", "context":{"id":"29f725d0-9cc4-4427-913a-ad1b2c223308", "isDeleted:":"true", "version":"1696346432910"}}
{"logTime": "1004/153935", "correlationVector":"HTclvVOdkAECbfW2XRlBI/.58","action":"GetUpdates", "result":"DeleteReceived", "context":{"id":"11418278-9c5b-4676-83f3-eff7a3d2716e", "isDeleted:":"true", "version":"1696346432912"}}
{"logTime": "1004/153935", "correlationVector":"HTclvVOdkAECbfW2XRlBI/.59","action":"GetUpdates", "result":"DeleteReceived", "context":{"id":"f848a248-f6bc-4fdb-847d-a9d7893e47f1", "isDeleted:":"true", "version":"1696346463310"}}
{"logTime": "1004/153935", "correlationVector":"HTclvVOdkAECbfW2XRlBI/.60","action":"GetUpdates", "result":"DeleteReceived", "context":{"id":"3fa5fe51-1f57-4494-86b0-15e2db463740", "isDeleted:":"true", "version":"1696346463312"}}
{"logTime": "1004/153935", "correlationVector":"HTclvVOdkAECbfW2XRlBI/.61","action":"GetUpdates", "result":"DeleteReceived", "context":{"id":"6e0c15c6-2e99-4578-9dd6-d5cc33f9b8b3", "isDeleted:":"true", "version":"1696346543916"}}
{"logTime": "1004/153935", "correlationVector":"HTclvVOdkAECbfW2XRlBI/.62","action":"GetUpdates", "result":"DeleteReceived", "context":{"id":"39402d94-96bb-4be8-8b60-16b7671949ae", "isDeleted:":"true", "version":"1696364089591"}}
{"logTime": "1004/153935", "correlationVector":"HTclvVOdkAECbfW2XRlBI/.63","action":"GetUpdates", "result":"DeleteReceived", "context":{"id":"a771c04c-be2f-4d71-964b-765991a4b3f8", "isDeleted:":"true", "version":"1696365418531"}}
{"logTime": "1004/153935", "correlationVector":"HTclvVOdkAECbfW2XRlBI/.64","action":"GetUpdates", "result":"DeleteReceived", "context":{"id":"055ab6f7-0929-4ccf-a3e6-ef8efd7310aa", "isDeleted:":"true", "version":"1696365778269"}}
{"logTime": "1004/153935", "correlationVector":"HTclvVOdkAECbfW2XRlBI/.65","action":"GetUpdates", "result":"DeleteReceived", "context":{"id":"165f2505-fc28-4034-89d4-6d644fd638ef", "isDeleted:":"true", "version":"1696365933331"}}
{"logTime": "1004/153935", "correlationVector":"HTclvVOdkAECbfW2XRlBI/.66","action":"GetUpdates", "result":"DeleteReceived", "context":{"id":"f80e3ad8-4d59-438b-afdf-c252fcc73af3", "isDeleted:":"true", "version":"1696365933333"}}
{"logTime": "1004/153935", "correlationVector":"HTclvVOdkAECbfW2XRlBI/.67","action":"GetUpdates", "result":"DeleteReceived", "context":{"id":"d0889e70-9cbe-41c0-9b0d-26502fb73409", "isDeleted:":"true", "version":"1696365933335"}}
{"logTime": "1004/153935", "correlationVector":"HTclvVOdkAECbfW2XRlBI/.68","action":"GetUpdates", "result":"DeleteReceived", "context":{"id":"e261e344-5f3c-46b2-9f3f-e268cd9251ec", "isDeleted:":"true", "version":"1696365933337"}}
{"logTime": "1004/153935", "correlationVector":"HTclvVOdkAECbfW2XRlBI/.69","action":"GetUpdates", "result":"DeleteReceived", "context":{"id":"52e076c0-89b4-40d0-8336-c5f51f3e2b64", "isDeleted:":"true", "version":"1696365933338"}}
{"logTime": "1004/153935", "correlationVector":"HTclvVOdkAECbfW2XRlBI/.70","action":"GetUpdates", "result":"DeleteReceived", "context":{"id":"55d3513c-988f-4187-9dcf-de72fad0ba08", "isDeleted:":"true", "version":"1696365969115"}}
{"logTime": "1004/153935", "correlationVector":"HTclvVOdkAECbfW2XRlBI/.71","action":"GetUpdates", "result":"DeleteReceived", "context":{"id":"2568a9f7-7e10-437b-a4c1-a1ad7512bc71", "isDeleted:":"true", "version":"1696366373151"}}
{"logTime": "1004/153935", "correlationVector":"HTclvVOdkAECbfW2XRlBI/.72","action":"GetUpdates", "result":"DeleteReceived", "context":{"id":"625187ec-adba-4221-8756-c8c8d3affb34", "isDeleted:":"true", "version":"1696366974707"}}
{"logTime": "1004/153935", "correlationVector":"HTclvVOdkAECbfW2XRlBI/.73","action":"GetUpdates", "result":"DeleteReceived", "context":{"id":"5a6f0951-3355-410c-8b0d-18e2eb336e61", "isDeleted:":"true", "version":"1696367009519"}}
{"logTime": "1004/153935", "correlationVector":"HTclvVOdkAECbfW2XRlBI/.74","action":"GetUpdates", "result":"DeleteReceived", "context":{"id":"bdb7a8b2-e5c2-469f-b69c-f81fa5834450", "isDeleted:":"true", "version":"1696367009520"}}
{"logTime": "1004/153935", "correlationVector":"HTclvVOdkAECbfW2XRlBI/.75","action":"GetUpdates", "result":"DeleteReceived", "context":{"id":"60c5525a-ced5-4e43-b810-294d38ec520d", "isDeleted:":"true", "version":"1696367081645"}}
{"logTime": "1004/153935", "correlationVector":"HTclvVOdkAECbfW2XRlBI/.76","action":"GetUpdates", "result":"DeleteReceived", "context":{"id":"7c972d3d-9692-42d8-ab40-4f82f0b9b7af", "isDeleted:":"true", "version":"1696367335888"}}
{"logTime": "1004/153935", "correlationVector":"HTclvVOdkAECbfW2XRlBI/.77","action":"GetUpdates", "result":"DeleteReceived", "context":{"id":"634e3819-4165-4fa1-985b-5b19dc0d9b83", "isDeleted:":"true", "version":"1696367450674"}}
{"logTime": "1004/153935", "correlationVector":"HTclvVOdkAECbfW2XRlBI/.78","action":"GetUpdates", "result":"DeleteReceived", "context":{"id":"88da8661-5e65-474c-861c-11b178efaefe", "isDeleted:":"true", "version":"1696367518958"}}
{"logTime": "1004/153935", "correlationVector":"HTclvVOdkAECbfW2XRlBI/.79","action":"GetUpdates", "result":"DeleteReceived", "context":{"id":"90057f61-6d38-43a7-b20e-e0b63e1590c0", "isDeleted:":"true", "version":"1696367518959"}}
{"logTime": "1004/153935", "correlationVector":"HTclvVOdkAECbfW2XRlBI/.80","action":"GetUpdates", "result":"DeleteReceived", "context":{"id":"67f13e8c-dc91-4836-bf7f-04fd9867157f", "isDeleted:":"true", "version":"1696367556867"}}
{"logTime": "1004/153935", "correlationVector":"HTclvVOdkAECbfW2XRlBI/.81","action":"GetUpdates", "result":"DeleteReceived", "context":{"id":"ccbaaa2a-a448-404f-a757-5f40dce29081", "isDeleted:":"true", "version":"1696367758231"}}
{"logTime": "1004/153935", "correlationVector":"HTclvVOdkAECbfW2XRlBI/.82","action":"GetUpdates", "result":"DeleteReceived", "context":{"id":"80557727-e5d3-47c2-9a44-47914d67915a", "isDeleted:":"true", "version":"1696367793375"}}
{"logTime": "1004/153935", "correlationVector":"HTclvVOdkAECbfW2XRlBI/.83","action":"GetUpdates", "result":"DeleteReceived", "context":{"id":"e1dac228-85fb-4198-b5d4-44898f1e9bed", "isDeleted:":"true", "version":"1696367793376"}}
{"logTime": "1004/153935", "correlationVector":"HTclvVOdkAECbfW2XRlBI/.84","action":"GetUpdates", "result":"DeleteReceived", "context":{"id":"b2bf3d5b-0dad-4342-b045-19de2d813d08", "isDeleted:":"true", "version":"1696367793377"}}
{"logTime": "1004/153935", "correlationVector":"HTclvVOdkAECbfW2XRlBI/.85","action":"GetUpdates", "result":"DeleteReceived", "context":{"id":"cd65de06-2152-44de-a840-f63d8be5f542", "isDeleted:":"true", "version":"1696368080838"}}
{"logTime": "1004/153935", "correlationVector":"HTclvVOdkAECbfW2XRlBI/.86","action":"GetUpdates", "result":"DeleteReceived", "context":{"id":"84cfc9f8-055d-4439-9bdf-c6d56d83df0e", "isDeleted:":"true", "version":"1696368112813"}}
{"logTime": "1004/153935", "correlationVector":"HTclvVOdkAECbfW2XRlBI/.87","action":"GetUpdates", "result":"DeleteReceived", "context":{"id":"cf8f053d-2096-4012-ad92-77c40eb394c7", "isDeleted:":"true", "version":"1696368112814"}}
{"logTime": "1004/153935", "correlationVector":"HTclvVOdkAECbfW2XRlBI/.88","action":"GetUpdates", "result":"DeleteReceived", "context":{"id":"dcbee91f-bcd3-4e08-94f1-bb68d39f6eeb", "isDeleted:":"true", "version":"1696368112815"}}
{"logTime": "1004/153935", "correlationVector":"HTclvVOdkAECbfW2XRlBI/.89","action":"GetUpdates", "result":"DeleteReceived", "context":{"id":"15edab1c-a84b-406d-a4d2-9182fc8ba916", "isDeleted:":"true", "version":"1696368112816"}}
{"logTime": "1004/153935", "correlationVector":"HTclvVOdkAECbfW2XRlBI/.90","action":"GetUpdates", "result":"DeleteReceived", "context":{"id":"642ec62f-ab4a-48af-b255-bfdb8dc9afa6", "isDeleted:":"true", "version":"1696368112817"}}
{"logTime": "1004/153935", "correlationVector":"HTclvVOdkAECbfW2XRlBI/.91","action":"GetUpdates", "result":"DeleteReceived", "context":{"id":"2ef212ba-81d8-4916-a3c9-4c1dd2e4b237", "isDeleted:":"true", "version":"1696418899963"}}
{"logTime": "1004/153935", "correlationVector":"HTclvVOdkAECbfW2XRlBI/.92","action":"GetUpdates", "result":"DeleteReceived", "context":{"id":"ffe4d43f-8c83-4591-b3c1-b89e393ddf88", "isDeleted:":"true", "version":"1696419406259"}}
{"logTime": "1004/153935", "correlationVector":"HTclvVOdkAECbfW2XRlBI/.93","action":"GetUpdates", "result":"DeleteReceived", "context":{"id":"1f869e56-4a21-4af2-aa86-aed6e8fc9862", "isDeleted:":"true", "version":"1696419406261"}}
{"logTime": "1004/153935", "correlationVector":"HTclvVOdkAECbfW2XRlBI/.94","action":"GetUpdates", "result":"DeleteReceived", "context":{"id":"cdff1bf5-bb4b-48f5-969f-4452da0e8027", "isDeleted:":"true", "version":"1696420457191"}}
{"logTime": "1004/153935", "correlationVector":"HTclvVOdkAECbfW2XRlBI/.95","action":"GetUpdates", "result":"DeleteReceived", "context":{"id":"18b02e1f-bd6e-4e95-a71c-43f3885a5379", "isDeleted:":"true", "version":"1696421988212"}}
{"logTime": "1004/153935", "correlationVector":"HTclvVOdkAECbfW2XRlBI/.96","action":"GetUpdates", "result":"DeleteReceived", "context":{"id":"8595d118-433a-44a2-902f-235c9bf03cac", "isDeleted:":"true", "version":"1696422520553"}}
{"logTime": "1004/153935", "correlationVector":"HTclvVOdkAECbfW2XRlBI/.97","action":"GetUpdates", "result":"DeleteReceived", "context":{"id":"70c13373-41e7-4ced-9037-3ac47355d56c", "isDeleted:":"true", "version":"1696424462231"}}
{"logTime": "1004/153935", "correlationVector":"HTclvVOdkAECbfW2XRlBI/.98","action":"GetUpdates", "result":"DeleteReceived", "context":{"id":"85e6868b-25f3-4906-97d7-894fc1bb007d", "isDeleted:":"true", "version":"1696424462233"}}
{"logTime": "1004/153935", "correlationVector":"HTclvVOdkAECbfW2XRlBI/.99","action":"GetUpdates", "result":"DeleteReceived", "context":{"id":"e78a3af8-c08e-4a8b-8423-7bdfb5229421", "isDeleted:":"true", "version":"1696425729711"}}
{"logTime": "1004/153935", "correlationVector":"HTclvVOdkAECbfW2XRlBI/.100","action":"GetUpdates", "result":"DeleteReceived", "context":{"id":"e980cec9-83b7-4ff7-b4b9-ffbccc9f27b0", "isDeleted:":"true", "version":"1696425729712"}}
{"logTime": "1004/153935", "correlationVector":"HTclvVOdkAECbfW2XRlBI/.101","action":"GetUpdates", "result":"DeleteReceived", "context":{"id":"7df76875-44aa-419d-99dc-69fc350cc461", "isDeleted:":"true", "version":"1696428737315"}}
{"logTime": "1004/153935", "correlationVector":"HTclvVOdkAECbfW2XRlBI/.102","action":"GetUpdates", "result":"DeleteReceived", "context":{"id":"4ad6f9dc-65e6-485b-9705-74a65f2f587a", "isDeleted:":"true", "version":"1696428847128"}}
{"logTime": "1004/153935", "correlationVector":"HTclvVOdkAECbfW2XRlBI/.103","action":"GetUpdates", "result":"DeleteReceived", "context":{"id":"a5b997ff-2a35-43c7-802c-753e1fba82f6", "isDeleted:":"true", "version":"1696430178021"}}
{"logTime": "1004/153935", "correlationVector":"HTclvVOdkAECbfW2XRlBI/.104","action":"GetUpdates", "result":"DeleteReceived", "context":{"id":"f9fa18f3-4d8f-442e-818f-ff24faf016cc", "isDeleted:":"true", "version":"1696430774965"}}
{"logTime": "1004/153935", "correlationVector":"HTclvVOdkAECbfW2XRlBI/.105","action":"GetUpdates", "result":"DeleteReceived", "context":{"id":"7855cd71-c57f-4457-bd04-26cd74731206", "isDeleted:":"true", "version":"1696430774966"}}
{"logTime": "1004/153935", "correlationVector":"HTclvVOdkAECbfW2XRlBI/.106","action":"GetUpdates", "result":"DeleteReceived", "context":{"id":"b188a035-f7d1-4348-90df-ae874bb804e5", "isDeleted:":"true", "version":"1696430774968"}}
{"logTime": "1004/153935", "correlationVector":"HTclvVOdkAECbfW2XRlBI/.107","action":"GetUpdates", "result":"DeleteReceived", "context":{"id":"3637b3e6-baa1-464b-914d-4ab6ef47b044", "isDeleted:":"true", "version":"1696430941954"}}
{"logTime": "1004/153935", "correlationVector":"HTclvVOdkAECbfW2XRlBI/.108","action":"GetUpdates", "result":"DeleteReceived", "context":{"id":"8210ca42-1f75-43c0-923c-5de42b179624", "isDeleted:":"true", "version":"1696430980564"}}
{"logTime": "1004/153935", "correlationVector":"HTclvVOdkAECbfW2XRlBI/.109","action":"GetUpdates", "result":"DeleteReceived", "context":{"id":"3ce860ae-7dbb-4159-9516-c1bb3a0d3026", "isDeleted:":"true", "version":"1696431097574"}}
{"logTime": "1004/153935", "correlationVector":"HTclvVOdkAECbfW2XRlBI/.110","action":"GetUpdates", "result":"DeleteReceived", "context":{"id":"3b6baa9b-e951-4f04-a14f-f0c8553cf327", "isDeleted:":"true", "version":"1696431171992"}}
{"logTime": "1004/153935", "correlationVector":"HTclvVOdkAECbfW2XRlBI/.111","action":"GetUpdates", "result":"DeleteReceived", "context":{"id":"32d4923a-30fb-418c-b1ef-fb395d55833a", "isDeleted:":"true", "version":"1696431171993"}}
{"logTime": "1004/153935", "correlationVector":"HTclvVOdkAECbfW2XRlBI/.112","action":"GetUpdates", "result":"DeleteReceived", "context":{"id":"23a0d7a8-ac56-4a75-ad55-fc79107221b6", "isDeleted:":"true", "version":"1696431277108"}}
{"logTime": "1004/153935", "correlationVector":"HTclvVOdkAECbfW2XRlBI/.113","action":"GetUpdates", "result":"DeleteReceived", "context":{"id":"d9d05f7a-4cb9-4f3a-82c5-41e5e82277cf", "isDeleted:":"true", "version":"1696431277112"}}
{"logTime": "1004/153935", "correlationVector":"HTclvVOdkAECbfW2XRlBI/.114","action":"GetUpdates", "result":"DeleteReceived", "context":{"id":"3d3b7e2e-191a-49ca-b81c-683607e17f57", "isDeleted:":"true", "version":"1696431277114"}}
{"logTime": "1004/153935", "correlationVector":"HTclvVOdkAECbfW2XRlBI/.115","action":"GetUpdates", "result":"DeleteReceived", "context":{"id":"2daada67-09a9-4eae-9e49-e7a9a0cc5a1e", "isDeleted:":"true", "version":"1696431277115"}}
{"logTime": "1004/153935", "correlationVector":"HTclvVOdkAECbfW2XRlBI/.116","action":"GetUpdates", "result":"DeleteReceived", "context":{"id":"66f0824f-2a53-4f51-819c-3fa479f66b26", "isDeleted:":"true", "version":"1696433270609"}}
{"logTime": "1004/153935", "correlationVector":"HTclvVOdkAECbfW2XRlBI/.117","action":"GetUpdates", "result":"DeleteReceived", "context":{"id":"2b891adf-ecc4-47b9-ac72-28bdd4623500", "isDeleted:":"true", "version":"1696433300992"}}
{"logTime": "1004/153935", "correlationVector":"HTclvVOdkAECbfW2XRlBI/.118","action":"GetUpdates", "result":"DeleteReceived", "context":{"id":"bd441533-bf5e-4cda-acf4-c801929bcc8d", "isDeleted:":"true", "version":"1696433300993"}}
{"logTime": "1004/153935", "correlationVector":"HTclvVOdkAECbfW2XRlBI/.119","action":"GetUpdates", "result":"DeleteReceived", "context":{"id":"9626fb2c-bef3-43ca-bc63-990ec7bac2fd", "isDeleted:":"true", "version":"1696433300995"}}
{"logTime": "1004/153935", "correlationVector":"HTclvVOdkAECbfW2XRlBI/.120","action":"GetUpdates", "result":"DeleteReceived", "context":{"id":"8faef9a8-3f35-4547-bc7b-d995669c1cee", "isDeleted:":"true", "version":"1696433300996"}}
{"logTime": "1004/153935", "correlationVector":"HTclvVOdkAECbfW2XRlBI/.121","action":"GetUpdates", "result":"DeleteReceived", "context":{"id":"5bfd217f-68e1-4664-b963-1a413b658e7d", "isDeleted:":"true", "version":"1696433300997"}}
{"logTime": "1004/153935", "correlationVector":"HTclvVOdkAECbfW2XRlBI/.122","action":"GetUpdates", "result":"DeleteReceived", "context":{"id":"6a89124f-4d5d-4ba9-ba97-93bfeece047e", "isDeleted:":"true", "version":"1696433300998"}}
{"logTime": "1004/153935", "correlationVector":"HTclvVOdkAECbfW2XRlBI/.123","action":"GetUpdates", "result":"DeleteReceived", "context":{"id":"d305a6d7-4ced-4b73-a57d-c79334d8ee15", "isDeleted:":"true", "version":"1696433300999"}}
{"logTime": "1004/153935", "correlationVector":"HTclvVOdkAECbfW2XRlBI/.124","action":"GetUpdates", "result":"DeleteReceived", "context":{"id":"cece7277-db67-4b71-a258-ea30b2ef78b2", "isDeleted:":"true", "version":"1696433301000"}}
{"logTime": "1004/153935", "correlationVector":"HTclvVOdkAECbfW2XRlBI/.125","action":"GetUpdates", "result":"DeleteReceived", "context":{"id":"731a118f-bfae-47a1-a186-77e0c922701a", "isDeleted:":"true", "version":"1696433301001"}}
{"logTime": "1004/153935", "correlationVector":"HTclvVOdkAECbfW2XRlBI/.126","action":"GetUpdates", "result":"DeleteReceived", "context":{"id":"17cb3fc7-4dda-467d-8cbb-be68604c6dff", "isDeleted:":"true", "version":"1696433301002"}}
{"logTime": "1004/153935", "correlationVector":"HTclvVOdkAECbfW2XRlBI/.127","action":"GetUpdates Response", "result":"SYNCER_OK", "context":Received 176 update(s). cV=HTclvVOdkAECbfW2XRlBI/.0;server=GENERAL01000015;cloudType=Consumer;environment=Prod_SoutheastAsia_000j;migrationStage=NotStarted}
{"logTime": "1004/153935", "correlationVector":"39BqFoiOixIdD3VQh8bPeA","action":"Normal GetUpdate request", "result":"", "context":cV=39BqFoiOixIdD3VQh8bPeA
Nudged types: Bookmarks, Preferences, Sessions, Device Info
Refresh requested types: Bookmarks, Preferences, Passwords, Autofill Profiles, Autofill, Autofill Custom Data, Typed URLs, Extensions, Sessions, Extension settings, History Delete Directives, Device Info, User Consents, Send Tab To Self, Web Apps, Collection, Edge E Drop, Edge Hub App Usage, Edge Wallet, Encryption Keys}
{"logTime": "1004/153935", "correlationVector":"39BqFoiOixIdD3VQh8bPeA.1","action":"SyncServerConnectionManagerRequest", "result":"SYNC_SERVER_OK", "context":{"environment":"Prod_SoutheastAsia_000j", "migrationStage":"NotStarted", "server":"GENERAL0100000S"}}
{"logTime": "1004/153935", "correlationVector":"39BqFoiOixIdD3VQh8bPeA.2","action":"GetUpdates Response", "result":"SYNCER_OK", "context":Received 0 update(s). cV=39BqFoiOixIdD3VQh8bPeA.0;server=GENERAL0100000S;cloudType=Consumer;environment=Prod_SoutheastAsia_000j;migrationStage=NotStarted}
{"logTime": "1004/153935", "correlationVector":"0biL4ySr+q5xiADopDUCu3","action":"Commit Request", "result":"", "context":Item count: 1
Contributing types: Device Info}
{"logTime": "1004/153936", "correlationVector":"0biL4ySr+q5xiADopDUCu3.1","action":"SyncServerConnectionManagerRequest", "result":"SYNC_SERVER_OK", "context":{"environment":"Prod_SoutheastAsia_000j", "migrationStage":"NotStarted", "server":"GENERAL0100000E"}}
{"logTime": "1004/153936", "correlationVector":"0biL4ySr+q5xiADopDUCu3.2","action":"Commit Response", "result":"SYNCER_OK", "context":Result: SYNCER_OK. cV=0biL4ySr+q5xiADopDUCu3.0;server=GENERAL0100000E;cloudType=Consumer;environment=Prod_SoutheastAsia_000j;migrationStage=NotStarted}
{"logTime": "1004/153936", "correlationVector":"txQaghLWOAFgLJXVIVpSTZ","action":"Commit Request", "result":"", "context":Item count: 11
Contributing types: Bookmarks, Preferences, Typed URLs, Sessions}
{"logTime": "1004/153937", "correlationVector":"txQaghLWOAFgLJXVIVpSTZ.1","action":"SyncServerConnectionManagerRequest", "result":"SYNC_SERVER_OK", "context":{"environment":"Prod_SoutheastAsia_000j", "migrationStage":"NotStarted", "server":"GENERAL01000006"}}
{"logTime": "1004/153937", "correlationVector":"txQaghLWOAFgLJXVIVpSTZ.2","action":"Commit Response", "result":"SYNCER_OK", "context":Result: SYNCER_OK. cV=txQaghLWOAFgLJXVIVpSTZ.0;server=GENERAL01000006;cloudType=Consumer;environment=Prod_SoutheastAsia_000j;migrationStage=NotStarted}
{"logTime": "1004/153937", "correlationVector":"2jBKC2V06CyIv/nX5xH9gk","action":"Commit Request", "result":"", "context":Item count: 1
Contributing types: Web Apps}
{"logTime": "1004/153938", "correlationVector":"2jBKC2V06CyIv/nX5xH9gk.1","action":"SyncServerConnectionManagerRequest", "result":"SYNC_SERVER_OK", "context":{"environment":"Prod_SoutheastAsia_000j", "migrationStage":"NotStarted", "server":"GENERAL0100000P"}}
{"logTime": "1004/153938", "correlationVector":"2jBKC2V06CyIv/nX5xH9gk.2","action":"Commit Response", "result":"SYNCER_OK", "context":Result: SYNCER_OK. cV=2jBKC2V06CyIv/nX5xH9gk.0;server=GENERAL0100000P;cloudType=Consumer;environment=Prod_SoutheastAsia_000j;migrationStage=NotStarted}
